[AccionesJuego] DEBUG [2016-07-04 17:14:46,097]: [getTurno-turno] 0
[AccionesJuego] DEBUG [2016-07-04 17:14:46,097]: [getTurno-turno] 1
[AccionesJuego] DEBUG [2016-07-04 17:14:46,097]: [getTurno-turno] 2
[AccionesJuego] DEBUG [2016-07-04 17:14:46,100]: Ejecutando obtenerGanador
[AccionesJuego] DEBUG [2016-07-04 17:14:46,101]: (1, 'espada_10')
[AccionesJuego] DEBUG [2016-07-04 17:14:46,101]: [0, 0]
[AccionesJuego] DEBUG [2016-07-04 17:14:46,101]: obtenerGanador-cartaSTR] espada_10
[AccionesJuego] DEBUG [2016-07-04 17:14:46,101]: (0, 'oro_6')
[AccionesJuego] DEBUG [2016-07-04 17:14:46,101]: ('espada_10', 1)
[AccionesJuego] DEBUG [2016-07-04 17:14:46,101]: obtenerGanador-cartaSTR] oro_6
[AccionesJuego] DEBUG [2016-07-04 17:14:46,101]: Carta Mayor
[AccionesJuego] DEBUG [2016-07-04 17:14:46,101]: ('espada_10', 1)
[AccionesJuego] DEBUG [2016-07-04 17:14:46,101]: Ronda 1
[AccionesJuego] DEBUG [2016-07-04 17:14:46,101]: Parda 0
[AccionesJuego] DEBUG [2016-07-04 17:14:46,101]: ReturnStatus
[AccionesJuego] DEBUG [2016-07-04 17:14:46,101]: [getTurno-turno] 1
[AccionesJuego] DEBUG [2016-07-04 17:14:46,101]: [getTurno-turno] 2
[AccionesJuego] DEBUG [2016-07-04 17:14:46,101]: [getTurno-turno] 1
[AccionesJuego] DEBUG [2016-07-04 17:14:46,102]: Ejecutando obtenerGanador
[AccionesJuego] DEBUG [2016-07-04 17:14:46,102]: (0, 'copa_1')
[AccionesJuego] DEBUG [2016-07-04 17:14:46,102]: [0, 0]
[AccionesJuego] DEBUG [2016-07-04 17:14:46,102]: obtenerGanador-cartaSTR] copa_1
[AccionesJuego] DEBUG [2016-07-04 17:14:46,102]: (1, 'basto_3')
[AccionesJuego] DEBUG [2016-07-04 17:14:46,102]: ('copa_1', 0)
[AccionesJuego] DEBUG [2016-07-04 17:14:46,102]: obtenerGanador-cartaSTR] basto_3
[AccionesJuego] DEBUG [2016-07-04 17:14:46,103]: Carta Mayor
[AccionesJuego] DEBUG [2016-07-04 17:14:46,103]: ('basto_3', 1)
[AccionesJuego] DEBUG [2016-07-04 17:14:46,103]: Ronda 2
[AccionesJuego] DEBUG [2016-07-04 17:14:46,103]: Parda 0
[AccionesJuego] DEBUG [2016-07-04 17:14:46,103]: ReturnStatus
[AccionesJuego] DEBUG [2016-07-04 17:14:46,104]: [getTurno-turno] 2
[AccionesJuego] DEBUG [2016-07-04 17:14:46,104]: [getTurno-turno] 1
[AccionesJuego] DEBUG [2016-07-04 17:14:46,104]: [getTurno-turno] 2
[AccionesJuego] DEBUG [2016-07-04 17:14:46,104]: Ejecutando obtenerGanador
[AccionesJuego] DEBUG [2016-07-04 17:14:46,104]: (1, 'espada_2')
[AccionesJuego] DEBUG [2016-07-04 17:14:46,105]: [0, 0]
[AccionesJuego] DEBUG [2016-07-04 17:14:46,105]: obtenerGanador-cartaSTR] espada_2
[AccionesJuego] DEBUG [2016-07-04 17:14:46,105]: (0, 'copa_10')
[AccionesJuego] DEBUG [2016-07-04 17:14:46,105]: ('espada_2', 1)
[AccionesJuego] DEBUG [2016-07-04 17:14:46,105]: obtenerGanador-cartaSTR] copa_10
[AccionesJuego] DEBUG [2016-07-04 17:14:46,105]: Carta Mayor
[AccionesJuego] DEBUG [2016-07-04 17:14:46,105]: ('espada_2', 1)
[AccionesJuego] DEBUG [2016-07-04 17:14:46,105]: Ronda 1
[AccionesJuego] DEBUG [2016-07-04 17:14:46,105]: Parda 0
[AccionesJuego] DEBUG [2016-07-04 17:14:46,105]: ReturnStatus
[AccionesJuego] DEBUG [2016-07-04 17:14:46,105]: [getTurno-turno] 1
[AccionesJuego] DEBUG [2016-07-04 17:14:46,105]: [getTurno-turno] 2
[AccionesJuego] DEBUG [2016-07-04 17:14:46,105]: [getTurno-turno] 1
[AccionesJuego] DEBUG [2016-07-04 17:14:46,106]: Ejecutando obtenerGanador
[AccionesJuego] DEBUG [2016-07-04 17:14:46,106]: (0, 'basto_6')
[AccionesJuego] DEBUG [2016-07-04 17:14:46,106]: [0, 0]
[AccionesJuego] DEBUG [2016-07-04 17:14:46,106]: obtenerGanador-cartaSTR] basto_6
[AccionesJuego] DEBUG [2016-07-04 17:14:46,106]: (1, 'oro_1')
[AccionesJuego] DEBUG [2016-07-04 17:14:46,106]: ('basto_6', 0)
[AccionesJuego] DEBUG [2016-07-04 17:14:46,106]: obtenerGanador-cartaSTR] oro_1
[AccionesJuego] DEBUG [2016-07-04 17:14:46,106]: Carta Mayor
[AccionesJuego] DEBUG [2016-07-04 17:14:46,106]: ('oro_1', 1)
[AccionesJuego] DEBUG [2016-07-04 17:14:46,107]: Ronda 2
[AccionesJuego] DEBUG [2016-07-04 17:14:46,107]: Parda 0
[AccionesJuego] DEBUG [2016-07-04 17:14:46,107]: ReturnStatus
[AccionesJuego] DEBUG [2016-07-04 17:14:46,107]: [getTurno-turno] 2
[AccionesJuego] DEBUG [2016-07-04 17:14:46,107]: [getTurno-turno] 1
[AccionesJuego] DEBUG [2016-07-04 17:14:46,107]: [getTurno-turno] 2
[AccionesJuego] DEBUG [2016-07-04 17:14:46,108]: Ejecutando obtenerGanador
[AccionesJuego] DEBUG [2016-07-04 17:14:46,108]: (1, 'oro_11')
[AccionesJuego] DEBUG [2016-07-04 17:14:46,108]: [0, 0]
[AccionesJuego] DEBUG [2016-07-04 17:14:46,108]: obtenerGanador-cartaSTR] oro_11
[AccionesJuego] DEBUG [2016-07-04 17:14:46,108]: (0, 'basto_1')
[AccionesJuego] DEBUG [2016-07-04 17:14:46,108]: ('oro_11', 1)
[AccionesJuego] DEBUG [2016-07-04 17:14:46,108]: obtenerGanador-cartaSTR] basto_1
[AccionesJuego] DEBUG [2016-07-04 17:14:46,108]: Carta Mayor
[AccionesJuego] DEBUG [2016-07-04 17:14:46,108]: ('basto_1', 0)
[AccionesJuego] DEBUG [2016-07-04 17:14:46,108]: Ronda 1
[AccionesJuego] DEBUG [2016-07-04 17:14:46,108]: Parda 0
[AccionesJuego] DEBUG [2016-07-04 17:14:46,108]: ReturnStatus
[AccionesJuego] DEBUG [2016-07-04 17:14:46,109]: [getTurno-turno] 0
[AccionesJuego] DEBUG [2016-07-04 17:14:46,109]: [getTurno-turno] 1
[AccionesJuego] DEBUG [2016-07-04 17:14:46,109]: [getTurno-turno] 2
[AccionesJuego] DEBUG [2016-07-04 17:14:46,109]: Ejecutando obtenerGanador
[AccionesJuego] DEBUG [2016-07-04 17:14:46,109]: (1, 'copa_4')
[AccionesJuego] DEBUG [2016-07-04 17:14:46,109]: [0, 0]
[AccionesJuego] DEBUG [2016-07-04 17:14:46,109]: obtenerGanador-cartaSTR] copa_4
[AccionesJuego] DEBUG [2016-07-04 17:14:46,109]: (0, 'oro_5')
[AccionesJuego] DEBUG [2016-07-04 17:14:46,110]: ('copa_4', 1)
[AccionesJuego] DEBUG [2016-07-04 17:14:46,110]: obtenerGanador-cartaSTR] oro_5
[AccionesJuego] DEBUG [2016-07-04 17:14:46,110]: Carta Mayor
[AccionesJuego] DEBUG [2016-07-04 17:14:46,110]: ('oro_5', 0)
[AccionesJuego] DEBUG [2016-07-04 17:14:46,110]: Ronda 2
[AccionesJuego] DEBUG [2016-07-04 17:14:46,110]: Parda 0
[AccionesJuego] DEBUG [2016-07-04 17:14:46,110]: ReturnStatus
[AccionesJuego] DEBUG [2016-07-04 17:14:46,110]: [getTurno-turno] 1
[AccionesJuego] DEBUG [2016-07-04 17:14:46,110]: [getTurno-turno] 2
[AccionesJuego] DEBUG [2016-07-04 17:14:46,110]: [getTurno-turno] 1
[AccionesJuego] DEBUG [2016-07-04 17:14:46,111]: Ejecutando obtenerGanador
[AccionesJuego] DEBUG [2016-07-04 17:14:46,111]: (0, 'copa_10')
[AccionesJuego] DEBUG [2016-07-04 17:14:46,111]: [0, 0]
[AccionesJuego] DEBUG [2016-07-04 17:14:46,111]: obtenerGanador-cartaSTR] copa_10
[AccionesJuego] DEBUG [2016-07-04 17:14:46,111]: (1, 'basto_6')
[AccionesJuego] DEBUG [2016-07-04 17:14:46,111]: ('copa_10', 0)
[AccionesJuego] DEBUG [2016-07-04 17:14:46,111]: obtenerGanador-cartaSTR] basto_6
[AccionesJuego] DEBUG [2016-07-04 17:14:46,111]: Carta Mayor
[AccionesJuego] DEBUG [2016-07-04 17:14:46,111]: ('copa_10', 0)
[AccionesJuego] DEBUG [2016-07-04 17:14:46,111]: Ronda 1
[AccionesJuego] DEBUG [2016-07-04 17:14:46,112]: Parda 0
[AccionesJuego] DEBUG [2016-07-04 17:14:46,112]: ReturnStatus
[AccionesJuego] DEBUG [2016-07-04 17:14:46,112]: [getTurno-turno] 0
[AccionesJuego] DEBUG [2016-07-04 17:14:46,112]: [getTurno-turno] 1
[AccionesJuego] DEBUG [2016-07-04 17:14:46,112]: [getTurno-turno] 2
[AccionesJuego] DEBUG [2016-07-04 17:14:46,112]: Ejecutando obtenerGanador
[AccionesJuego] DEBUG [2016-07-04 17:14:46,113]: (1, 'copa_11')
[AccionesJuego] DEBUG [2016-07-04 17:14:46,113]: [0, 0]
[AccionesJuego] DEBUG [2016-07-04 17:14:46,113]: obtenerGanador-cartaSTR] copa_11
[AccionesJuego] DEBUG [2016-07-04 17:14:46,113]: (0, 'oro_10')
[AccionesJuego] DEBUG [2016-07-04 17:14:46,113]: ('copa_11', 1)
[AccionesJuego] DEBUG [2016-07-04 17:14:46,113]: obtenerGanador-cartaSTR] oro_10
[AccionesJuego] DEBUG [2016-07-04 17:14:46,113]: Carta Mayor
[AccionesJuego] DEBUG [2016-07-04 17:14:46,113]: ('copa_11', 1)
[AccionesJuego] DEBUG [2016-07-04 17:14:46,113]: Ronda 2
[AccionesJuego] DEBUG [2016-07-04 17:14:46,113]: Parda 0
[AccionesJuego] DEBUG [2016-07-04 17:14:46,113]: ReturnStatus
[AccionesJuego] DEBUG [2016-07-04 17:14:46,113]: [getTurno-turno] 1
[AccionesJuego] DEBUG [2016-07-04 17:14:46,113]: [getTurno-turno] 2
[AccionesJuego] DEBUG [2016-07-04 17:14:46,114]: [getTurno-turno] 1
[AccionesJuego] DEBUG [2016-07-04 17:14:46,114]: Ejecutando obtenerGanador
[AccionesJuego] DEBUG [2016-07-04 17:14:46,114]: (0, 'espada_6')
[AccionesJuego] DEBUG [2016-07-04 17:14:46,114]: [0, 0]
[AccionesJuego] DEBUG [2016-07-04 17:14:46,114]: obtenerGanador-cartaSTR] espada_6
[AccionesJuego] DEBUG [2016-07-04 17:14:46,115]: (1, 'espada_2')
[AccionesJuego] DEBUG [2016-07-04 17:14:46,115]: ('espada_6', 0)
[AccionesJuego] DEBUG [2016-07-04 17:14:46,115]: obtenerGanador-cartaSTR] espada_2
[AccionesJuego] DEBUG [2016-07-04 17:14:46,115]: Carta Mayor
[AccionesJuego] DEBUG [2016-07-04 17:14:46,115]: ('espada_2', 1)
[AccionesJuego] DEBUG [2016-07-04 17:14:46,115]: Ronda 3
[AccionesJuego] DEBUG [2016-07-04 17:14:46,115]: Parda 0
[AccionesJuego] DEBUG [2016-07-04 17:14:46,115]: ReturnStatus
[AccionesJuego] DEBUG [2016-07-04 17:14:46,115]: [getTurno-turno] 2
[AccionesJuego] DEBUG [2016-07-04 17:14:46,115]: [getTurno-turno] 1
[AccionesJuego] DEBUG [2016-07-04 17:14:46,115]: [getTurno-turno] 2
[AccionesJuego] DEBUG [2016-07-04 17:14:46,116]: Ejecutando obtenerGanador
[AccionesJuego] DEBUG [2016-07-04 17:14:46,116]: (1, 'espada_6')
[AccionesJuego] DEBUG [2016-07-04 17:14:46,116]: [0, 0]
[AccionesJuego] DEBUG [2016-07-04 17:14:46,116]: obtenerGanador-cartaSTR] espada_6
[AccionesJuego] DEBUG [2016-07-04 17:14:46,116]: (0, 'basto_10')
[AccionesJuego] DEBUG [2016-07-04 17:14:46,116]: ('espada_6', 1)
[AccionesJuego] DEBUG [2016-07-04 17:14:46,116]: obtenerGanador-cartaSTR] basto_10
[AccionesJuego] DEBUG [2016-07-04 17:14:46,116]: Carta Mayor
[AccionesJuego] DEBUG [2016-07-04 17:14:46,116]: ('basto_10', 0)
[AccionesJuego] DEBUG [2016-07-04 17:14:46,117]: Ronda 1
[AccionesJuego] DEBUG [2016-07-04 17:14:46,117]: Parda 0
[AccionesJuego] DEBUG [2016-07-04 17:14:46,117]: ReturnStatus
[AccionesJuego] DEBUG [2016-07-04 17:14:46,117]: [getTurno-turno] 0
[AccionesJuego] DEBUG [2016-07-04 17:14:46,117]: [getTurno-turno] 1
[AccionesJuego] DEBUG [2016-07-04 17:14:46,117]: [getTurno-turno] 2
[AccionesJuego] DEBUG [2016-07-04 17:14:46,117]: Ejecutando obtenerGanador
[AccionesJuego] DEBUG [2016-07-04 17:14:46,118]: (1, 'basto_2')
[AccionesJuego] DEBUG [2016-07-04 17:14:46,118]: [0, 0]
[AccionesJuego] DEBUG [2016-07-04 17:14:46,118]: obtenerGanador-cartaSTR] basto_2
[AccionesJuego] DEBUG [2016-07-04 17:14:46,118]: (0, 'copa_3')
[AccionesJuego] DEBUG [2016-07-04 17:14:46,118]: ('basto_2', 1)
[AccionesJuego] DEBUG [2016-07-04 17:14:46,118]: obtenerGanador-cartaSTR] copa_3
[AccionesJuego] DEBUG [2016-07-04 17:14:46,118]: Carta Mayor
[AccionesJuego] DEBUG [2016-07-04 17:14:46,118]: ('copa_3', 0)
[AccionesJuego] DEBUG [2016-07-04 17:14:46,118]: Ronda 2
[AccionesJuego] DEBUG [2016-07-04 17:14:46,118]: Parda 0
[AccionesJuego] DEBUG [2016-07-04 17:14:46,118]: ReturnStatus
[AccionesJuego] DEBUG [2016-07-04 17:14:46,118]: [getTurno-turno] 1
[AccionesJuego] DEBUG [2016-07-04 17:14:46,119]: [getTurno-turno] 2
[AccionesJuego] DEBUG [2016-07-04 17:14:46,119]: [getTurno-turno] 1
[AccionesJuego] DEBUG [2016-07-04 17:14:46,119]: Ejecutando obtenerGanador
[AccionesJuego] DEBUG [2016-07-04 17:14:46,119]: (0, 'basto_2')
[AccionesJuego] DEBUG [2016-07-04 17:14:46,119]: [0, 0]
[AccionesJuego] DEBUG [2016-07-04 17:14:46,119]: obtenerGanador-cartaSTR] basto_2
[AccionesJuego] DEBUG [2016-07-04 17:14:46,119]: (1, 'copa_10')
[AccionesJuego] DEBUG [2016-07-04 17:14:46,119]: ('basto_2', 0)
[AccionesJuego] DEBUG [2016-07-04 17:14:46,119]: obtenerGanador-cartaSTR] copa_10
[AccionesJuego] DEBUG [2016-07-04 17:14:46,120]: Carta Mayor
[AccionesJuego] DEBUG [2016-07-04 17:14:46,120]: ('basto_2', 0)
[AccionesJuego] DEBUG [2016-07-04 17:14:46,120]: Ronda 1
[AccionesJuego] DEBUG [2016-07-04 17:14:46,120]: Parda 0
[AccionesJuego] DEBUG [2016-07-04 17:14:46,120]: ReturnStatus
[AccionesJuego] DEBUG [2016-07-04 17:14:46,120]: [getTurno-turno] 0
[AccionesJuego] DEBUG [2016-07-04 17:14:46,120]: [getTurno-turno] 1
[AccionesJuego] DEBUG [2016-07-04 17:14:46,120]: [getTurno-turno] 2
[AccionesJuego] DEBUG [2016-07-04 17:14:46,120]: Ejecutando obtenerGanador
[AccionesJuego] DEBUG [2016-07-04 17:14:46,121]: (1, 'espada_5')
[AccionesJuego] DEBUG [2016-07-04 17:14:46,121]: [0, 0]
[AccionesJuego] DEBUG [2016-07-04 17:14:46,121]: obtenerGanador-cartaSTR] espada_5
[AccionesJuego] DEBUG [2016-07-04 17:14:46,121]: (0, 'oro_6')
[AccionesJuego] DEBUG [2016-07-04 17:14:46,121]: ('espada_5', 1)
[AccionesJuego] DEBUG [2016-07-04 17:14:46,121]: obtenerGanador-cartaSTR] oro_6
[AccionesJuego] DEBUG [2016-07-04 17:14:46,121]: Carta Mayor
[AccionesJuego] DEBUG [2016-07-04 17:14:46,121]: ('oro_6', 0)
[AccionesJuego] DEBUG [2016-07-04 17:14:46,121]: Ronda 2
[AccionesJuego] DEBUG [2016-07-04 17:14:46,121]: Parda 0
[AccionesJuego] DEBUG [2016-07-04 17:14:46,121]: ReturnStatus
[AccionesJuego] DEBUG [2016-07-04 17:14:46,121]: [getTurno-turno] 1
[AccionesJuego] DEBUG [2016-07-04 17:14:46,122]: [getTurno-turno] 2
[AccionesJuego] DEBUG [2016-07-04 17:14:46,122]: [getTurno-turno] 1
[AccionesJuego] DEBUG [2016-07-04 17:14:46,122]: Ejecutando obtenerGanador
[AccionesJuego] DEBUG [2016-07-04 17:14:46,122]: (0, 'basto_11')
[AccionesJuego] DEBUG [2016-07-04 17:14:46,122]: [0, 0]
[AccionesJuego] DEBUG [2016-07-04 17:14:46,122]: obtenerGanador-cartaSTR] basto_11
[AccionesJuego] DEBUG [2016-07-04 17:14:46,122]: (1, 'basto_3')
[AccionesJuego] DEBUG [2016-07-04 17:14:46,123]: ('basto_11', 0)
[AccionesJuego] DEBUG [2016-07-04 17:14:46,123]: obtenerGanador-cartaSTR] basto_3
[AccionesJuego] DEBUG [2016-07-04 17:14:46,123]: Carta Mayor
[AccionesJuego] DEBUG [2016-07-04 17:14:46,123]: ('basto_3', 1)
[AccionesJuego] DEBUG [2016-07-04 17:14:46,123]: Ronda 1
[AccionesJuego] DEBUG [2016-07-04 17:14:46,123]: Parda 0
[AccionesJuego] DEBUG [2016-07-04 17:14:46,123]: ReturnStatus
[AccionesJuego] DEBUG [2016-07-04 17:14:46,123]: [getTurno-turno] 1
[AccionesJuego] DEBUG [2016-07-04 17:14:46,123]: [getTurno-turno] 2
[AccionesJuego] DEBUG [2016-07-04 17:14:46,123]: [getTurno-turno] 1
[AccionesJuego] DEBUG [2016-07-04 17:14:46,124]: Ejecutando obtenerGanador
[AccionesJuego] DEBUG [2016-07-04 17:14:46,124]: (0, 'oro_12')
[AccionesJuego] DEBUG [2016-07-04 17:14:46,124]: [0, 0]
[AccionesJuego] DEBUG [2016-07-04 17:14:46,124]: obtenerGanador-cartaSTR] oro_12
[AccionesJuego] DEBUG [2016-07-04 17:14:46,124]: (1, 'basto_12')
[AccionesJuego] DEBUG [2016-07-04 17:14:46,124]: ('oro_12', 0)
[AccionesJuego] DEBUG [2016-07-04 17:14:46,124]: obtenerGanador-cartaSTR] basto_12
[AccionesJuego] DEBUG [2016-07-04 17:14:46,124]: Carta Mayor
[AccionesJuego] DEBUG [2016-07-04 17:14:46,124]: basto_12
[AccionesJuego] DEBUG [2016-07-04 17:14:46,124]: Ronda 2
[AccionesJuego] DEBUG [2016-07-04 17:14:46,125]: Parda 1
[AccionesJuego] DEBUG [2016-07-04 17:14:46,125]: ReturnStatus
[AccionesJuego] DEBUG [2016-07-04 17:14:46,125]: [getTurno-turno] 2
[AccionesJuego] DEBUG [2016-07-04 17:14:46,125]: [getTurno-turno] 1
[AccionesJuego] DEBUG [2016-07-04 17:14:46,125]: [getTurno-turno] 2
[AccionesJuego] DEBUG [2016-07-04 17:14:46,125]: Ejecutando obtenerGanador
[AccionesJuego] DEBUG [2016-07-04 17:14:46,126]: (1, 'oro_1')
[AccionesJuego] DEBUG [2016-07-04 17:14:46,126]: [0, 0]
[AccionesJuego] DEBUG [2016-07-04 17:14:46,126]: obtenerGanador-cartaSTR] oro_1
[AccionesJuego] DEBUG [2016-07-04 17:14:46,126]: (0, 'oro_11')
[AccionesJuego] DEBUG [2016-07-04 17:14:46,126]: ('oro_1', 1)
[AccionesJuego] DEBUG [2016-07-04 17:14:46,126]: obtenerGanador-cartaSTR] oro_11
[AccionesJuego] DEBUG [2016-07-04 17:14:46,126]: Carta Mayor
[AccionesJuego] DEBUG [2016-07-04 17:14:46,126]: ('oro_1', 1)
[AccionesJuego] DEBUG [2016-07-04 17:14:46,126]: Ronda 3
[AccionesJuego] DEBUG [2016-07-04 17:14:46,126]: Parda 0
[AccionesJuego] DEBUG [2016-07-04 17:14:46,126]: ReturnStatus
[AccionesJuego] DEBUG [2016-07-04 17:14:46,127]: [getTurno-turno] 1
[AccionesJuego] DEBUG [2016-07-04 17:14:46,127]: [getTurno-turno] 2
[AccionesJuego] DEBUG [2016-07-04 17:14:46,127]: [getTurno-turno] 1
[AccionesJuego] DEBUG [2016-07-04 17:14:46,127]: Ejecutando obtenerGanador
[AccionesJuego] DEBUG [2016-07-04 17:14:46,127]: (0, 'espada_3')
[AccionesJuego] DEBUG [2016-07-04 17:14:46,127]: [0, 0]
[AccionesJuego] DEBUG [2016-07-04 17:14:46,127]: obtenerGanador-cartaSTR] espada_3
[AccionesJuego] DEBUG [2016-07-04 17:14:46,128]: (1, 'copa_7')
[AccionesJuego] DEBUG [2016-07-04 17:14:46,128]: ('espada_3', 0)
[AccionesJuego] DEBUG [2016-07-04 17:14:46,128]: obtenerGanador-cartaSTR] copa_7
[AccionesJuego] DEBUG [2016-07-04 17:14:46,128]: Carta Mayor
[AccionesJuego] DEBUG [2016-07-04 17:14:46,128]: ('espada_3', 0)
[AccionesJuego] DEBUG [2016-07-04 17:14:46,128]: Ronda 1
[AccionesJuego] DEBUG [2016-07-04 17:14:46,128]: Parda 0
[AccionesJuego] DEBUG [2016-07-04 17:14:46,128]: ReturnStatus
[AccionesJuego] DEBUG [2016-07-04 17:14:46,128]: [getTurno-turno] 0
[AccionesJuego] DEBUG [2016-07-04 17:14:46,128]: [getTurno-turno] 1
[AccionesJuego] DEBUG [2016-07-04 17:14:46,128]: [getTurno-turno] 2
[AccionesJuego] DEBUG [2016-07-04 17:14:46,129]: Ejecutando obtenerGanador
[AccionesJuego] DEBUG [2016-07-04 17:14:46,129]: (1, 'oro_2')
[AccionesJuego] DEBUG [2016-07-04 17:14:46,129]: [0, 0]
[AccionesJuego] DEBUG [2016-07-04 17:14:46,129]: obtenerGanador-cartaSTR] oro_2
[AccionesJuego] DEBUG [2016-07-04 17:14:46,129]: (0, 'basto_12')
[AccionesJuego] DEBUG [2016-07-04 17:14:46,129]: ('oro_2', 1)
[AccionesJuego] DEBUG [2016-07-04 17:14:46,129]: obtenerGanador-cartaSTR] basto_12
[AccionesJuego] DEBUG [2016-07-04 17:14:46,129]: Carta Mayor
[AccionesJuego] DEBUG [2016-07-04 17:14:46,129]: ('oro_2', 1)
[AccionesJuego] DEBUG [2016-07-04 17:14:46,129]: Ronda 2
[AccionesJuego] DEBUG [2016-07-04 17:14:46,129]: Parda 0
[AccionesJuego] DEBUG [2016-07-04 17:14:46,130]: ReturnStatus
[AccionesJuego] DEBUG [2016-07-04 17:14:46,130]: [getTurno-turno] 1
[AccionesJuego] DEBUG [2016-07-04 17:14:46,130]: [getTurno-turno] 2
[AccionesJuego] DEBUG [2016-07-04 17:14:46,130]: [getTurno-turno] 1
[AccionesJuego] DEBUG [2016-07-04 17:14:46,130]: Ejecutando obtenerGanador
[AccionesJuego] DEBUG [2016-07-04 17:14:46,131]: (0, 'copa_6')
[AccionesJuego] DEBUG [2016-07-04 17:14:46,131]: [0, 0]
[AccionesJuego] DEBUG [2016-07-04 17:14:46,131]: obtenerGanador-cartaSTR] copa_6
[AccionesJuego] DEBUG [2016-07-04 17:14:46,131]: (1, 'basto_4')
[AccionesJuego] DEBUG [2016-07-04 17:14:46,131]: ('copa_6', 0)
[AccionesJuego] DEBUG [2016-07-04 17:14:46,131]: obtenerGanador-cartaSTR] basto_4
[AccionesJuego] DEBUG [2016-07-04 17:14:46,131]: Carta Mayor
[AccionesJuego] DEBUG [2016-07-04 17:14:46,131]: ('copa_6', 0)
[AccionesJuego] DEBUG [2016-07-04 17:14:46,131]: Ronda 3
[AccionesJuego] DEBUG [2016-07-04 17:14:46,131]: Parda 0
[AccionesJuego] DEBUG [2016-07-04 17:14:46,131]: ReturnStatus
[AccionesJuego] DEBUG [2016-07-04 17:14:46,132]: [getTurno-turno] 2
[AccionesJuego] DEBUG [2016-07-04 17:14:46,132]: [getTurno-turno] 1
[AccionesJuego] DEBUG [2016-07-04 17:14:46,132]: [getTurno-turno] 2
[AccionesJuego] DEBUG [2016-07-04 17:14:46,132]: Ejecutando obtenerGanador
[AccionesJuego] DEBUG [2016-07-04 17:14:46,132]: (1, 'espada_1')
[AccionesJuego] DEBUG [2016-07-04 17:14:46,133]: [0, 0]
[AccionesJuego] DEBUG [2016-07-04 17:14:46,133]: obtenerGanador-cartaSTR] espada_1
[AccionesJuego] DEBUG [2016-07-04 17:14:46,133]: (0, 'oro_5')
[AccionesJuego] DEBUG [2016-07-04 17:14:46,133]: ('espada_1', 1)
[AccionesJuego] DEBUG [2016-07-04 17:14:46,133]: obtenerGanador-cartaSTR] oro_5
[AccionesJuego] DEBUG [2016-07-04 17:14:46,133]: Carta Mayor
[AccionesJuego] DEBUG [2016-07-04 17:14:46,133]: ('espada_1', 1)
[AccionesJuego] DEBUG [2016-07-04 17:14:46,133]: Ronda 1
[AccionesJuego] DEBUG [2016-07-04 17:14:46,133]: Parda 0
[AccionesJuego] DEBUG [2016-07-04 17:14:46,133]: ReturnStatus
[AccionesJuego] DEBUG [2016-07-04 17:14:46,133]: [getTurno-turno] 1
[AccionesJuego] DEBUG [2016-07-04 17:14:46,133]: [getTurno-turno] 2
[AccionesJuego] DEBUG [2016-07-04 17:14:46,133]: [getTurno-turno] 1
[AccionesJuego] DEBUG [2016-07-04 17:14:46,134]: Ejecutando obtenerGanador
[AccionesJuego] DEBUG [2016-07-04 17:14:46,134]: (0, 'copa_3')
[AccionesJuego] DEBUG [2016-07-04 17:14:46,134]: [0, 0]
[AccionesJuego] DEBUG [2016-07-04 17:14:46,134]: obtenerGanador-cartaSTR] copa_3
[AccionesJuego] DEBUG [2016-07-04 17:14:46,134]: (1, 'oro_4')
[AccionesJuego] DEBUG [2016-07-04 17:14:46,134]: ('copa_3', 0)
[AccionesJuego] DEBUG [2016-07-04 17:14:46,134]: obtenerGanador-cartaSTR] oro_4
[AccionesJuego] DEBUG [2016-07-04 17:14:46,134]: Carta Mayor
[AccionesJuego] DEBUG [2016-07-04 17:14:46,134]: ('copa_3', 0)
[AccionesJuego] DEBUG [2016-07-04 17:14:46,135]: Ronda 2
[AccionesJuego] DEBUG [2016-07-04 17:14:46,135]: Parda 0
[AccionesJuego] DEBUG [2016-07-04 17:14:46,135]: ReturnStatus
[AccionesJuego] DEBUG [2016-07-04 17:14:46,135]: [getTurno-turno] 0
[AccionesJuego] DEBUG [2016-07-04 17:14:46,135]: [getTurno-turno] 1
[AccionesJuego] DEBUG [2016-07-04 17:14:46,135]: [getTurno-turno] 2
[AccionesJuego] DEBUG [2016-07-04 17:14:46,135]: Ejecutando obtenerGanador
[AccionesJuego] DEBUG [2016-07-04 17:14:46,136]: (1, 'basto_4')
[AccionesJuego] DEBUG [2016-07-04 17:14:46,136]: [0, 0]
[AccionesJuego] DEBUG [2016-07-04 17:14:46,136]: obtenerGanador-cartaSTR] basto_4
[AccionesJuego] DEBUG [2016-07-04 17:14:46,136]: (0, 'espada_12')
[AccionesJuego] DEBUG [2016-07-04 17:14:46,136]: ('basto_4', 1)
[AccionesJuego] DEBUG [2016-07-04 17:14:46,136]: obtenerGanador-cartaSTR] espada_12
[AccionesJuego] DEBUG [2016-07-04 17:14:46,136]: Carta Mayor
[AccionesJuego] DEBUG [2016-07-04 17:14:46,136]: ('espada_12', 0)
[AccionesJuego] DEBUG [2016-07-04 17:14:46,136]: Ronda 3
[AccionesJuego] DEBUG [2016-07-04 17:14:46,136]: Parda 0
[AccionesJuego] DEBUG [2016-07-04 17:14:46,136]: ReturnStatus
[AccionesJuego] DEBUG [2016-07-04 17:14:46,137]: [getTurno-turno] 1
[AccionesJuego] DEBUG [2016-07-04 17:14:46,137]: [getTurno-turno] 2
[AccionesJuego] DEBUG [2016-07-04 17:14:46,137]: [getTurno-turno] 1
[AccionesJuego] DEBUG [2016-07-04 17:14:46,137]: Ejecutando obtenerGanador
[AccionesJuego] DEBUG [2016-07-04 17:14:46,137]: (0, 'espada_3')
[AccionesJuego] DEBUG [2016-07-04 17:14:46,137]: [0, 0]
[AccionesJuego] DEBUG [2016-07-04 17:14:46,137]: obtenerGanador-cartaSTR] espada_3
[AccionesJuego] DEBUG [2016-07-04 17:14:46,137]: (1, 'basto_10')
[AccionesJuego] DEBUG [2016-07-04 17:14:46,138]: ('espada_3', 0)
[AccionesJuego] DEBUG [2016-07-04 17:14:46,138]: obtenerGanador-cartaSTR] basto_10
[AccionesJuego] DEBUG [2016-07-04 17:14:46,138]: Carta Mayor
[AccionesJuego] DEBUG [2016-07-04 17:14:46,138]: ('espada_3', 0)
[AccionesJuego] DEBUG [2016-07-04 17:14:46,138]: Ronda 1
[AccionesJuego] DEBUG [2016-07-04 17:14:46,138]: Parda 0
[AccionesJuego] DEBUG [2016-07-04 17:14:46,138]: ReturnStatus
[AccionesJuego] DEBUG [2016-07-04 17:14:46,138]: [getTurno-turno] 0
[AccionesJuego] DEBUG [2016-07-04 17:14:46,138]: [getTurno-turno] 1
[AccionesJuego] DEBUG [2016-07-04 17:14:46,138]: [getTurno-turno] 2
[AccionesJuego] DEBUG [2016-07-04 17:14:46,138]: Ejecutando obtenerGanador
[AccionesJuego] DEBUG [2016-07-04 17:14:46,139]: (1, 'copa_2')
[AccionesJuego] DEBUG [2016-07-04 17:14:46,139]: [0, 0]
[AccionesJuego] DEBUG [2016-07-04 17:14:46,139]: obtenerGanador-cartaSTR] copa_2
[AccionesJuego] DEBUG [2016-07-04 17:14:46,139]: (0, 'espada_12')
[AccionesJuego] DEBUG [2016-07-04 17:14:46,139]: ('copa_2', 1)
[AccionesJuego] DEBUG [2016-07-04 17:14:46,139]: obtenerGanador-cartaSTR] espada_12
[AccionesJuego] DEBUG [2016-07-04 17:14:46,139]: Carta Mayor
[AccionesJuego] DEBUG [2016-07-04 17:14:46,139]: ('copa_2', 1)
[AccionesJuego] DEBUG [2016-07-04 17:14:46,139]: Ronda 2
[AccionesJuego] DEBUG [2016-07-04 17:14:46,139]: Parda 0
[AccionesJuego] DEBUG [2016-07-04 17:14:46,139]: ReturnStatus
[AccionesJuego] DEBUG [2016-07-04 17:14:46,139]: [getTurno-turno] 1
[AccionesJuego] DEBUG [2016-07-04 17:14:46,139]: [getTurno-turno] 2
[AccionesJuego] DEBUG [2016-07-04 17:14:46,140]: [getTurno-turno] 1
[AccionesJuego] DEBUG [2016-07-04 17:14:46,140]: Ejecutando obtenerGanador
[AccionesJuego] DEBUG [2016-07-04 17:14:46,141]: (0, 'oro_4')
[AccionesJuego] DEBUG [2016-07-04 17:14:46,141]: [0, 0]
[AccionesJuego] DEBUG [2016-07-04 17:14:46,141]: obtenerGanador-cartaSTR] oro_4
[AccionesJuego] DEBUG [2016-07-04 17:14:46,141]: (1, 'espada_11')
[AccionesJuego] DEBUG [2016-07-04 17:14:46,141]: ('oro_4', 0)
[AccionesJuego] DEBUG [2016-07-04 17:14:46,141]: obtenerGanador-cartaSTR] espada_11
[AccionesJuego] DEBUG [2016-07-04 17:14:46,141]: Carta Mayor
[AccionesJuego] DEBUG [2016-07-04 17:14:46,141]: ('espada_11', 1)
[AccionesJuego] DEBUG [2016-07-04 17:14:46,141]: Ronda 3
[AccionesJuego] DEBUG [2016-07-04 17:14:46,141]: Parda 0
[AccionesJuego] DEBUG [2016-07-04 17:14:46,141]: ReturnStatus
[AccionesJuego] DEBUG [2016-07-04 17:14:46,141]: [getTurno-turno] 2
[AccionesJuego] DEBUG [2016-07-04 17:14:46,142]: [getTurno-turno] 1
[AccionesJuego] DEBUG [2016-07-04 17:14:46,142]: [getTurno-turno] 2
[AccionesJuego] DEBUG [2016-07-04 17:14:46,142]: Ejecutando obtenerGanador
[AccionesJuego] DEBUG [2016-07-04 17:14:46,142]: (1, 'copa_11')
[AccionesJuego] DEBUG [2016-07-04 17:14:46,142]: [0, 0]
[AccionesJuego] DEBUG [2016-07-04 17:14:46,142]: obtenerGanador-cartaSTR] copa_11
[AccionesJuego] DEBUG [2016-07-04 17:14:46,142]: (0, 'basto_7')
[AccionesJuego] DEBUG [2016-07-04 17:14:46,142]: ('copa_11', 1)
[AccionesJuego] DEBUG [2016-07-04 17:14:46,143]: obtenerGanador-cartaSTR] basto_7
[AccionesJuego] DEBUG [2016-07-04 17:14:46,143]: Carta Mayor
[AccionesJuego] DEBUG [2016-07-04 17:14:46,143]: ('copa_11', 1)
[AccionesJuego] DEBUG [2016-07-04 17:14:46,143]: Ronda 1
[AccionesJuego] DEBUG [2016-07-04 17:14:46,143]: Parda 0
[AccionesJuego] DEBUG [2016-07-04 17:14:46,143]: ReturnStatus
[AccionesJuego] DEBUG [2016-07-04 17:14:46,143]: [getTurno-turno] 1
[AccionesJuego] DEBUG [2016-07-04 17:14:46,143]: [getTurno-turno] 2
[AccionesJuego] DEBUG [2016-07-04 17:14:46,143]: [getTurno-turno] 1
[AccionesJuego] DEBUG [2016-07-04 17:14:46,144]: Ejecutando obtenerGanador
[AccionesJuego] DEBUG [2016-07-04 17:14:46,144]: (0, 'copa_6')
[AccionesJuego] DEBUG [2016-07-04 17:14:46,144]: [0, 0]
[AccionesJuego] DEBUG [2016-07-04 17:14:46,144]: obtenerGanador-cartaSTR] copa_6
[AccionesJuego] DEBUG [2016-07-04 17:14:46,144]: (1, 'espada_4')
[AccionesJuego] DEBUG [2016-07-04 17:14:46,144]: ('copa_6', 0)
[AccionesJuego] DEBUG [2016-07-04 17:14:46,144]: obtenerGanador-cartaSTR] espada_4
[AccionesJuego] DEBUG [2016-07-04 17:14:46,144]: Carta Mayor
[AccionesJuego] DEBUG [2016-07-04 17:14:46,144]: ('copa_6', 0)
[AccionesJuego] DEBUG [2016-07-04 17:14:46,145]: Ronda 2
[AccionesJuego] DEBUG [2016-07-04 17:14:46,145]: Parda 0
[AccionesJuego] DEBUG [2016-07-04 17:14:46,145]: ReturnStatus
[AccionesJuego] DEBUG [2016-07-04 17:14:46,145]: [getTurno-turno] 0
[AccionesJuego] DEBUG [2016-07-04 17:14:46,145]: [getTurno-turno] 1
[AccionesJuego] DEBUG [2016-07-04 17:14:46,145]: [getTurno-turno] 2
[AccionesJuego] DEBUG [2016-07-04 17:14:46,146]: Ejecutando obtenerGanador
[AccionesJuego] DEBUG [2016-07-04 17:14:46,146]: (1, 'oro_7')
[AccionesJuego] DEBUG [2016-07-04 17:14:46,146]: [0, 0]
[AccionesJuego] DEBUG [2016-07-04 17:14:46,146]: obtenerGanador-cartaSTR] oro_7
[AccionesJuego] DEBUG [2016-07-04 17:14:46,146]: (0, 'copa_4')
[AccionesJuego] DEBUG [2016-07-04 17:14:46,146]: ('oro_7', 1)
[AccionesJuego] DEBUG [2016-07-04 17:14:46,146]: obtenerGanador-cartaSTR] copa_4
[AccionesJuego] DEBUG [2016-07-04 17:14:46,146]: Carta Mayor
[AccionesJuego] DEBUG [2016-07-04 17:14:46,146]: ('oro_7', 1)
[AccionesJuego] DEBUG [2016-07-04 17:14:46,146]: Ronda 3
[AccionesJuego] DEBUG [2016-07-04 17:14:46,147]: Parda 0
[AccionesJuego] DEBUG [2016-07-04 17:14:46,147]: ReturnStatus
[AccionesJuego] DEBUG [2016-07-04 17:14:46,147]: [getTurno-turno] 1
[AccionesJuego] DEBUG [2016-07-04 17:14:46,147]: [getTurno-turno] 2
[AccionesJuego] DEBUG [2016-07-04 17:14:46,148]: [getTurno-turno] 1
[AccionesJuego] DEBUG [2016-07-04 17:14:46,148]: Ejecutando obtenerGanador
[AccionesJuego] DEBUG [2016-07-04 17:14:46,148]: (0, 'copa_5')
[AccionesJuego] DEBUG [2016-07-04 17:14:46,149]: [0, 0]
[AccionesJuego] DEBUG [2016-07-04 17:14:46,149]: obtenerGanador-cartaSTR] copa_5
[AccionesJuego] DEBUG [2016-07-04 17:14:46,149]: (1, 'basto_2')
[AccionesJuego] DEBUG [2016-07-04 17:14:46,149]: ('copa_5', 0)
[AccionesJuego] DEBUG [2016-07-04 17:14:46,149]: obtenerGanador-cartaSTR] basto_2
[AccionesJuego] DEBUG [2016-07-04 17:14:46,149]: Carta Mayor
[AccionesJuego] DEBUG [2016-07-04 17:14:46,149]: ('basto_2', 1)
[AccionesJuego] DEBUG [2016-07-04 17:14:46,149]: Ronda 1
[AccionesJuego] DEBUG [2016-07-04 17:14:46,149]: Parda 0
[AccionesJuego] DEBUG [2016-07-04 17:14:46,149]: ReturnStatus
[AccionesJuego] DEBUG [2016-07-04 17:14:46,149]: [getTurno-turno] 1
[AccionesJuego] DEBUG [2016-07-04 17:14:46,149]: [getTurno-turno] 2
[AccionesJuego] DEBUG [2016-07-04 17:14:46,149]: [getTurno-turno] 1
[AccionesJuego] DEBUG [2016-07-04 17:14:46,150]: Ejecutando obtenerGanador
[AccionesJuego] DEBUG [2016-07-04 17:14:46,150]: (0, 'espada_2')
[AccionesJuego] DEBUG [2016-07-04 17:14:46,150]: [0, 0]
[AccionesJuego] DEBUG [2016-07-04 17:14:46,150]: obtenerGanador-cartaSTR] espada_2
[AccionesJuego] DEBUG [2016-07-04 17:14:46,150]: (1, 'oro_5')
[AccionesJuego] DEBUG [2016-07-04 17:14:46,150]: ('espada_2', 0)
[AccionesJuego] DEBUG [2016-07-04 17:14:46,150]: obtenerGanador-cartaSTR] oro_5
[AccionesJuego] DEBUG [2016-07-04 17:14:46,150]: Carta Mayor
[AccionesJuego] DEBUG [2016-07-04 17:14:46,150]: ('espada_2', 0)
[AccionesJuego] DEBUG [2016-07-04 17:14:46,151]: Ronda 2
[AccionesJuego] DEBUG [2016-07-04 17:14:46,151]: Parda 0
[AccionesJuego] DEBUG [2016-07-04 17:14:46,151]: ReturnStatus
[AccionesJuego] DEBUG [2016-07-04 17:14:46,151]: [getTurno-turno] 0
[AccionesJuego] DEBUG [2016-07-04 17:14:46,151]: [getTurno-turno] 1
[AccionesJuego] DEBUG [2016-07-04 17:14:46,151]: [getTurno-turno] 2
[AccionesJuego] DEBUG [2016-07-04 17:14:46,151]: Ejecutando obtenerGanador
[AccionesJuego] DEBUG [2016-07-04 17:14:46,152]: (1, 'basto_5')
[AccionesJuego] DEBUG [2016-07-04 17:14:46,152]: [0, 0]
[AccionesJuego] DEBUG [2016-07-04 17:14:46,152]: obtenerGanador-cartaSTR] basto_5
[AccionesJuego] DEBUG [2016-07-04 17:14:46,152]: (0, 'copa_4')
[AccionesJuego] DEBUG [2016-07-04 17:14:46,152]: ('basto_5', 1)
[AccionesJuego] DEBUG [2016-07-04 17:14:46,152]: obtenerGanador-cartaSTR] copa_4
[AccionesJuego] DEBUG [2016-07-04 17:14:46,152]: Carta Mayor
[AccionesJuego] DEBUG [2016-07-04 17:14:46,152]: ('basto_5', 1)
[AccionesJuego] DEBUG [2016-07-04 17:14:46,152]: Ronda 3
[AccionesJuego] DEBUG [2016-07-04 17:14:46,152]: Parda 0
[AccionesJuego] DEBUG [2016-07-04 17:14:46,152]: ReturnStatus
[AccionesJuego] DEBUG [2016-07-04 17:14:46,153]: [getTurno-turno] 1
[AccionesJuego] DEBUG [2016-07-04 17:14:46,153]: [getTurno-turno] 2
[AccionesJuego] DEBUG [2016-07-04 17:14:46,153]: [getTurno-turno] 1
[AccionesJuego] DEBUG [2016-07-04 17:14:46,153]: Ejecutando obtenerGanador
[AccionesJuego] DEBUG [2016-07-04 17:14:46,153]: (0, 'copa_6')
[AccionesJuego] DEBUG [2016-07-04 17:14:46,154]: [0, 0]
[AccionesJuego] DEBUG [2016-07-04 17:14:46,154]: obtenerGanador-cartaSTR] copa_6
[AccionesJuego] DEBUG [2016-07-04 17:14:46,154]: (1, 'basto_2')
[AccionesJuego] DEBUG [2016-07-04 17:14:46,154]: ('copa_6', 0)
[AccionesJuego] DEBUG [2016-07-04 17:14:46,154]: obtenerGanador-cartaSTR] basto_2
[AccionesJuego] DEBUG [2016-07-04 17:14:46,154]: Carta Mayor
[AccionesJuego] DEBUG [2016-07-04 17:14:46,154]: ('basto_2', 1)
[AccionesJuego] DEBUG [2016-07-04 17:14:46,154]: Ronda 1
[AccionesJuego] DEBUG [2016-07-04 17:14:46,154]: Parda 0
[AccionesJuego] DEBUG [2016-07-04 17:14:46,154]: ReturnStatus
[AccionesJuego] DEBUG [2016-07-04 17:14:46,154]: [getTurno-turno] 1
[AccionesJuego] DEBUG [2016-07-04 17:14:46,154]: [getTurno-turno] 2
[AccionesJuego] DEBUG [2016-07-04 17:14:46,154]: [getTurno-turno] 1
[AccionesJuego] DEBUG [2016-07-04 17:14:46,155]: Ejecutando obtenerGanador
[AccionesJuego] DEBUG [2016-07-04 17:14:46,155]: (0, 'espada_3')
[AccionesJuego] DEBUG [2016-07-04 17:14:46,155]: [0, 0]
[AccionesJuego] DEBUG [2016-07-04 17:14:46,155]: obtenerGanador-cartaSTR] espada_3
[AccionesJuego] DEBUG [2016-07-04 17:14:46,155]: (1, 'copa_5')
[AccionesJuego] DEBUG [2016-07-04 17:14:46,155]: ('espada_3', 0)
[AccionesJuego] DEBUG [2016-07-04 17:14:46,155]: obtenerGanador-cartaSTR] copa_5
[AccionesJuego] DEBUG [2016-07-04 17:14:46,155]: Carta Mayor
[AccionesJuego] DEBUG [2016-07-04 17:14:46,155]: ('espada_3', 0)
[AccionesJuego] DEBUG [2016-07-04 17:14:46,156]: Ronda 2
[AccionesJuego] DEBUG [2016-07-04 17:14:46,156]: Parda 0
[AccionesJuego] DEBUG [2016-07-04 17:14:46,156]: ReturnStatus
[AccionesJuego] DEBUG [2016-07-04 17:14:46,156]: [getTurno-turno] 0
[AccionesJuego] DEBUG [2016-07-04 17:14:46,156]: [getTurno-turno] 1
[AccionesJuego] DEBUG [2016-07-04 17:14:46,156]: [getTurno-turno] 2
[AccionesJuego] DEBUG [2016-07-04 17:14:46,157]: Ejecutando obtenerGanador
[AccionesJuego] DEBUG [2016-07-04 17:14:46,157]: (1, 'espada_11')
[AccionesJuego] DEBUG [2016-07-04 17:14:46,157]: [0, 0]
[AccionesJuego] DEBUG [2016-07-04 17:14:46,157]: obtenerGanador-cartaSTR] espada_11
[AccionesJuego] DEBUG [2016-07-04 17:14:46,157]: (0, 'basto_12')
[AccionesJuego] DEBUG [2016-07-04 17:14:46,157]: ('espada_11', 1)
[AccionesJuego] DEBUG [2016-07-04 17:14:46,157]: obtenerGanador-cartaSTR] basto_12
[AccionesJuego] DEBUG [2016-07-04 17:14:46,157]: Carta Mayor
[AccionesJuego] DEBUG [2016-07-04 17:14:46,157]: ('basto_12', 0)
[AccionesJuego] DEBUG [2016-07-04 17:14:46,157]: Ronda 3
[AccionesJuego] DEBUG [2016-07-04 17:14:46,157]: Parda 0
[AccionesJuego] DEBUG [2016-07-04 17:14:46,157]: ReturnStatus
[AccionesJuego] DEBUG [2016-07-04 17:14:46,158]: [getTurno-turno] 1
[AccionesJuego] DEBUG [2016-07-04 17:14:46,158]: [getTurno-turno] 2
[AccionesJuego] DEBUG [2016-07-04 17:14:46,158]: [getTurno-turno] 1
[AccionesJuego] DEBUG [2016-07-04 17:14:46,158]: Ejecutando obtenerGanador
[AccionesJuego] DEBUG [2016-07-04 17:14:46,158]: (0, 'espada_10')
[AccionesJuego] DEBUG [2016-07-04 17:14:46,158]: [0, 0]
[AccionesJuego] DEBUG [2016-07-04 17:14:46,159]: obtenerGanador-cartaSTR] espada_10
[AccionesJuego] DEBUG [2016-07-04 17:14:46,159]: (1, 'copa_3')
[AccionesJuego] DEBUG [2016-07-04 17:14:46,159]: ('espada_10', 0)
[AccionesJuego] DEBUG [2016-07-04 17:14:46,159]: obtenerGanador-cartaSTR] copa_3
[AccionesJuego] DEBUG [2016-07-04 17:14:46,159]: Carta Mayor
[AccionesJuego] DEBUG [2016-07-04 17:14:46,159]: ('copa_3', 1)
[AccionesJuego] DEBUG [2016-07-04 17:14:46,159]: Ronda 1
[AccionesJuego] DEBUG [2016-07-04 17:14:46,159]: Parda 0
[AccionesJuego] DEBUG [2016-07-04 17:14:46,159]: ReturnStatus
[AccionesJuego] DEBUG [2016-07-04 17:14:46,159]: [getTurno-turno] 1
[AccionesJuego] DEBUG [2016-07-04 17:14:46,159]: [getTurno-turno] 2
[AccionesJuego] DEBUG [2016-07-04 17:14:46,159]: [getTurno-turno] 1
[AccionesJuego] DEBUG [2016-07-04 17:14:46,160]: Ejecutando obtenerGanador
[AccionesJuego] DEBUG [2016-07-04 17:14:46,160]: (0, 'oro_3')
[AccionesJuego] DEBUG [2016-07-04 17:14:46,160]: [0, 0]
[AccionesJuego] DEBUG [2016-07-04 17:14:46,160]: obtenerGanador-cartaSTR] oro_3
[AccionesJuego] DEBUG [2016-07-04 17:14:46,160]: (1, 'oro_12')
[AccionesJuego] DEBUG [2016-07-04 17:14:46,160]: ('oro_3', 0)
[AccionesJuego] DEBUG [2016-07-04 17:14:46,160]: obtenerGanador-cartaSTR] oro_12
[AccionesJuego] DEBUG [2016-07-04 17:14:46,160]: Carta Mayor
[AccionesJuego] DEBUG [2016-07-04 17:14:46,160]: ('oro_3', 0)
[AccionesJuego] DEBUG [2016-07-04 17:14:46,160]: Ronda 2
[AccionesJuego] DEBUG [2016-07-04 17:14:46,160]: Parda 0
[AccionesJuego] DEBUG [2016-07-04 17:14:46,161]: ReturnStatus
[AccionesJuego] DEBUG [2016-07-04 17:14:46,161]: [getTurno-turno] 0
[AccionesJuego] DEBUG [2016-07-04 17:14:46,161]: [getTurno-turno] 1
[AccionesJuego] DEBUG [2016-07-04 17:14:46,161]: [getTurno-turno] 2
[AccionesJuego] DEBUG [2016-07-04 17:14:46,161]: Ejecutando obtenerGanador
[AccionesJuego] DEBUG [2016-07-04 17:14:46,162]: (1, 'copa_4')
[AccionesJuego] DEBUG [2016-07-04 17:14:46,162]: [0, 0]
[AccionesJuego] DEBUG [2016-07-04 17:14:46,162]: obtenerGanador-cartaSTR] copa_4
[AccionesJuego] DEBUG [2016-07-04 17:14:46,162]: (0, 'espada_3')
[AccionesJuego] DEBUG [2016-07-04 17:14:46,162]: ('copa_4', 1)
[AccionesJuego] DEBUG [2016-07-04 17:14:46,162]: obtenerGanador-cartaSTR] espada_3
[AccionesJuego] DEBUG [2016-07-04 17:14:46,162]: Carta Mayor
[AccionesJuego] DEBUG [2016-07-04 17:14:46,162]: ('espada_3', 0)
[AccionesJuego] DEBUG [2016-07-04 17:14:46,162]: Ronda 3
[AccionesJuego] DEBUG [2016-07-04 17:14:46,162]: Parda 0
[AccionesJuego] DEBUG [2016-07-04 17:14:46,162]: ReturnStatus
[AccionesJuego] DEBUG [2016-07-04 17:14:46,163]: [getTurno-turno] 1
[AccionesJuego] DEBUG [2016-07-04 17:14:46,163]: [getTurno-turno] 2
[AccionesJuego] DEBUG [2016-07-04 17:14:46,164]: [getTurno-turno] 1
[AccionesJuego] DEBUG [2016-07-04 17:14:46,164]: Ejecutando obtenerGanador
[AccionesJuego] DEBUG [2016-07-04 17:14:46,165]: (0, 'espada_6')
[AccionesJuego] DEBUG [2016-07-04 17:14:46,165]: [0, 0]
[AccionesJuego] DEBUG [2016-07-04 17:14:46,165]: obtenerGanador-cartaSTR] espada_6
[AccionesJuego] DEBUG [2016-07-04 17:14:46,165]: (1, 'copa_3')
[AccionesJuego] DEBUG [2016-07-04 17:14:46,165]: ('espada_6', 0)
[AccionesJuego] DEBUG [2016-07-04 17:14:46,165]: obtenerGanador-cartaSTR] copa_3
[AccionesJuego] DEBUG [2016-07-04 17:14:46,165]: Carta Mayor
[AccionesJuego] DEBUG [2016-07-04 17:14:46,165]: ('copa_3', 1)
[AccionesJuego] DEBUG [2016-07-04 17:14:46,165]: Ronda 1
[AccionesJuego] DEBUG [2016-07-04 17:14:46,165]: Parda 0
[AccionesJuego] DEBUG [2016-07-04 17:14:46,165]: ReturnStatus
[AccionesJuego] DEBUG [2016-07-04 17:14:46,165]: [getTurno-turno] 1
[AccionesJuego] DEBUG [2016-07-04 17:14:46,165]: [getTurno-turno] 2
[AccionesJuego] DEBUG [2016-07-04 17:14:46,166]: [getTurno-turno] 1
[AccionesJuego] DEBUG [2016-07-04 17:14:46,166]: Ejecutando obtenerGanador
[AccionesJuego] DEBUG [2016-07-04 17:14:46,166]: (0, 'copa_7')
[AccionesJuego] DEBUG [2016-07-04 17:14:46,166]: [0, 0]
[AccionesJuego] DEBUG [2016-07-04 17:14:46,166]: obtenerGanador-cartaSTR] copa_7
[AccionesJuego] DEBUG [2016-07-04 17:14:46,166]: (1, 'oro_11')
[AccionesJuego] DEBUG [2016-07-04 17:14:46,166]: ('copa_7', 0)
[AccionesJuego] DEBUG [2016-07-04 17:14:46,167]: obtenerGanador-cartaSTR] oro_11
[AccionesJuego] DEBUG [2016-07-04 17:14:46,167]: Carta Mayor
[AccionesJuego] DEBUG [2016-07-04 17:14:46,167]: ('oro_11', 1)
[AccionesJuego] DEBUG [2016-07-04 17:14:46,167]: Ronda 2
[AccionesJuego] DEBUG [2016-07-04 17:14:46,167]: Parda 0
[AccionesJuego] DEBUG [2016-07-04 17:14:46,167]: ReturnStatus
[AccionesJuego] DEBUG [2016-07-04 17:14:46,167]: [getTurno-turno] 2
[AccionesJuego] DEBUG [2016-07-04 17:14:46,167]: [getTurno-turno] 1
[AccionesJuego] DEBUG [2016-07-04 17:14:46,167]: [getTurno-turno] 2
[AccionesJuego] DEBUG [2016-07-04 17:14:46,168]: Ejecutando obtenerGanador
[AccionesJuego] DEBUG [2016-07-04 17:14:46,168]: (1, 'basto_10')
[AccionesJuego] DEBUG [2016-07-04 17:14:46,168]: [0, 0]
[AccionesJuego] DEBUG [2016-07-04 17:14:46,168]: obtenerGanador-cartaSTR] basto_10
[AccionesJuego] DEBUG [2016-07-04 17:14:46,168]: (0, 'copa_1')
[AccionesJuego] DEBUG [2016-07-04 17:14:46,168]: ('basto_10', 1)
[AccionesJuego] DEBUG [2016-07-04 17:14:46,168]: obtenerGanador-cartaSTR] copa_1
[AccionesJuego] DEBUG [2016-07-04 17:14:46,168]: Carta Mayor
[AccionesJuego] DEBUG [2016-07-04 17:14:46,168]: ('copa_1', 0)
[AccionesJuego] DEBUG [2016-07-04 17:14:46,168]: Ronda 1
[AccionesJuego] DEBUG [2016-07-04 17:14:46,169]: Parda 0
[AccionesJuego] DEBUG [2016-07-04 17:14:46,169]: ReturnStatus
[AccionesJuego] DEBUG [2016-07-04 17:14:46,169]: [getTurno-turno] 0
[AccionesJuego] DEBUG [2016-07-04 17:14:46,169]: [getTurno-turno] 1
[AccionesJuego] DEBUG [2016-07-04 17:14:46,169]: [getTurno-turno] 2
[AccionesJuego] DEBUG [2016-07-04 17:14:46,169]: Ejecutando obtenerGanador
[AccionesJuego] DEBUG [2016-07-04 17:14:46,170]: (1, 'espada_3')
[AccionesJuego] DEBUG [2016-07-04 17:14:46,170]: [0, 0]
[AccionesJuego] DEBUG [2016-07-04 17:14:46,170]: obtenerGanador-cartaSTR] espada_3
[AccionesJuego] DEBUG [2016-07-04 17:14:46,170]: (0, 'espada_6')
[AccionesJuego] DEBUG [2016-07-04 17:14:46,170]: ('espada_3', 1)
[AccionesJuego] DEBUG [2016-07-04 17:14:46,170]: obtenerGanador-cartaSTR] espada_6
[AccionesJuego] DEBUG [2016-07-04 17:14:46,170]: Carta Mayor
[AccionesJuego] DEBUG [2016-07-04 17:14:46,170]: ('espada_3', 1)
[AccionesJuego] DEBUG [2016-07-04 17:14:46,170]: Ronda 2
[AccionesJuego] DEBUG [2016-07-04 17:14:46,170]: Parda 0
[AccionesJuego] DEBUG [2016-07-04 17:14:46,170]: ReturnStatus
[AccionesJuego] DEBUG [2016-07-04 17:14:46,170]: [getTurno-turno] 1
[AccionesJuego] DEBUG [2016-07-04 17:14:46,171]: [getTurno-turno] 2
[AccionesJuego] DEBUG [2016-07-04 17:14:46,171]: [getTurno-turno] 1
[AccionesJuego] DEBUG [2016-07-04 17:14:46,171]: Ejecutando obtenerGanador
[AccionesJuego] DEBUG [2016-07-04 17:14:46,171]: (0, 'oro_6')
[AccionesJuego] DEBUG [2016-07-04 17:14:46,171]: [0, 0]
[AccionesJuego] DEBUG [2016-07-04 17:14:46,171]: obtenerGanador-cartaSTR] oro_6
[AccionesJuego] DEBUG [2016-07-04 17:14:46,172]: (1, 'espada_10')
[AccionesJuego] DEBUG [2016-07-04 17:14:46,172]: ('oro_6', 0)
[AccionesJuego] DEBUG [2016-07-04 17:14:46,172]: obtenerGanador-cartaSTR] espada_10
[AccionesJuego] DEBUG [2016-07-04 17:14:46,172]: Carta Mayor
[AccionesJuego] DEBUG [2016-07-04 17:14:46,172]: ('espada_10', 1)
[AccionesJuego] DEBUG [2016-07-04 17:14:46,172]: Ronda 3
[AccionesJuego] DEBUG [2016-07-04 17:14:46,172]: Parda 0
[AccionesJuego] DEBUG [2016-07-04 17:14:46,172]: ReturnStatus
[AccionesJuego] DEBUG [2016-07-04 17:14:46,172]: [getTurno-turno] 2
[AccionesJuego] DEBUG [2016-07-04 17:14:46,172]: [getTurno-turno] 1
[AccionesJuego] DEBUG [2016-07-04 17:14:46,172]: [getTurno-turno] 2
[AccionesJuego] DEBUG [2016-07-04 17:14:46,173]: Ejecutando obtenerGanador
[AccionesJuego] DEBUG [2016-07-04 17:14:46,173]: (1, 'basto_7')
[AccionesJuego] DEBUG [2016-07-04 17:14:46,173]: [0, 0]
[AccionesJuego] DEBUG [2016-07-04 17:14:46,173]: obtenerGanador-cartaSTR] basto_7
[AccionesJuego] DEBUG [2016-07-04 17:14:46,173]: (0, 'espada_3')
[AccionesJuego] DEBUG [2016-07-04 17:14:46,173]: ('basto_7', 1)
[AccionesJuego] DEBUG [2016-07-04 17:14:46,173]: obtenerGanador-cartaSTR] espada_3
[AccionesJuego] DEBUG [2016-07-04 17:14:46,173]: Carta Mayor
[AccionesJuego] DEBUG [2016-07-04 17:14:46,173]: ('espada_3', 0)
[AccionesJuego] DEBUG [2016-07-04 17:14:46,173]: Ronda 1
[AccionesJuego] DEBUG [2016-07-04 17:14:46,174]: Parda 0
[AccionesJuego] DEBUG [2016-07-04 17:14:46,174]: ReturnStatus
[AccionesJuego] DEBUG [2016-07-04 17:14:46,174]: [getTurno-turno] 0
[AccionesJuego] DEBUG [2016-07-04 17:14:46,174]: [getTurno-turno] 1
[AccionesJuego] DEBUG [2016-07-04 17:14:46,174]: [getTurno-turno] 2
[AccionesJuego] DEBUG [2016-07-04 17:14:46,174]: Ejecutando obtenerGanador
[AccionesJuego] DEBUG [2016-07-04 17:14:46,175]: (1, 'basto_4')
[AccionesJuego] DEBUG [2016-07-04 17:14:46,175]: [0, 0]
[AccionesJuego] DEBUG [2016-07-04 17:14:46,175]: obtenerGanador-cartaSTR] basto_4
[AccionesJuego] DEBUG [2016-07-04 17:14:46,175]: (0, 'basto_3')
[AccionesJuego] DEBUG [2016-07-04 17:14:46,175]: ('basto_4', 1)
[AccionesJuego] DEBUG [2016-07-04 17:14:46,175]: obtenerGanador-cartaSTR] basto_3
[AccionesJuego] DEBUG [2016-07-04 17:14:46,175]: Carta Mayor
[AccionesJuego] DEBUG [2016-07-04 17:14:46,175]: ('basto_3', 0)
[AccionesJuego] DEBUG [2016-07-04 17:14:46,175]: Ronda 2
[AccionesJuego] DEBUG [2016-07-04 17:14:46,175]: Parda 0
[AccionesJuego] DEBUG [2016-07-04 17:14:46,175]: ReturnStatus
[AccionesJuego] DEBUG [2016-07-04 17:14:46,175]: [getTurno-turno] 1
[AccionesJuego] DEBUG [2016-07-04 17:14:46,176]: [getTurno-turno] 2
[AccionesJuego] DEBUG [2016-07-04 17:14:46,176]: [getTurno-turno] 1
[AccionesJuego] DEBUG [2016-07-04 17:14:46,176]: Ejecutando obtenerGanador
[AccionesJuego] DEBUG [2016-07-04 17:14:46,176]: (0, 'basto_4')
[AccionesJuego] DEBUG [2016-07-04 17:14:46,176]: [0, 0]
[AccionesJuego] DEBUG [2016-07-04 17:14:46,176]: obtenerGanador-cartaSTR] basto_4
[AccionesJuego] DEBUG [2016-07-04 17:14:46,176]: (1, 'espada_7')
[AccionesJuego] DEBUG [2016-07-04 17:14:46,177]: ('basto_4', 0)
[AccionesJuego] DEBUG [2016-07-04 17:14:46,177]: obtenerGanador-cartaSTR] espada_7
[AccionesJuego] DEBUG [2016-07-04 17:14:46,177]: Carta Mayor
[AccionesJuego] DEBUG [2016-07-04 17:14:46,177]: ('espada_7', 1)
[AccionesJuego] DEBUG [2016-07-04 17:14:46,177]: Ronda 1
[AccionesJuego] DEBUG [2016-07-04 17:14:46,177]: Parda 0
[AccionesJuego] DEBUG [2016-07-04 17:14:46,177]: ReturnStatus
[AccionesJuego] DEBUG [2016-07-04 17:14:46,177]: [getTurno-turno] 1
[AccionesJuego] DEBUG [2016-07-04 17:14:46,177]: [getTurno-turno] 2
[AccionesJuego] DEBUG [2016-07-04 17:14:46,177]: [getTurno-turno] 1
[AccionesJuego] DEBUG [2016-07-04 17:14:46,178]: Ejecutando obtenerGanador
[AccionesJuego] DEBUG [2016-07-04 17:14:46,178]: (0, 'espada_4')
[AccionesJuego] DEBUG [2016-07-04 17:14:46,178]: [0, 0]
[AccionesJuego] DEBUG [2016-07-04 17:14:46,178]: obtenerGanador-cartaSTR] espada_4
[AccionesJuego] DEBUG [2016-07-04 17:14:46,178]: (1, 'oro_12')
[AccionesJuego] DEBUG [2016-07-04 17:14:46,178]: ('espada_4', 0)
[AccionesJuego] DEBUG [2016-07-04 17:14:46,178]: obtenerGanador-cartaSTR] oro_12
[AccionesJuego] DEBUG [2016-07-04 17:14:46,178]: Carta Mayor
[AccionesJuego] DEBUG [2016-07-04 17:14:46,178]: ('oro_12', 1)
[AccionesJuego] DEBUG [2016-07-04 17:14:46,178]: Ronda 2
[AccionesJuego] DEBUG [2016-07-04 17:14:46,178]: Parda 0
[AccionesJuego] DEBUG [2016-07-04 17:14:46,178]: ReturnStatus
[AccionesJuego] DEBUG [2016-07-04 17:14:46,179]: [getTurno-turno] 2
[AccionesJuego] DEBUG [2016-07-04 17:14:46,179]: [getTurno-turno] 1
[AccionesJuego] DEBUG [2016-07-04 17:14:46,179]: [getTurno-turno] 2
[AccionesJuego] DEBUG [2016-07-04 17:14:46,179]: Ejecutando obtenerGanador
[AccionesJuego] DEBUG [2016-07-04 17:14:46,179]: (1, 'espada_6')
[AccionesJuego] DEBUG [2016-07-04 17:14:46,179]: [0, 0]
[AccionesJuego] DEBUG [2016-07-04 17:14:46,179]: obtenerGanador-cartaSTR] espada_6
[AccionesJuego] DEBUG [2016-07-04 17:14:46,179]: (0, 'espada_1')
[AccionesJuego] DEBUG [2016-07-04 17:14:46,180]: ('espada_6', 1)
[AccionesJuego] DEBUG [2016-07-04 17:14:46,180]: obtenerGanador-cartaSTR] espada_1
[AccionesJuego] DEBUG [2016-07-04 17:14:46,180]: Carta Mayor
[AccionesJuego] DEBUG [2016-07-04 17:14:46,180]: ('espada_1', 0)
[AccionesJuego] DEBUG [2016-07-04 17:14:46,180]: Ronda 1
[AccionesJuego] DEBUG [2016-07-04 17:14:46,180]: Parda 0
[AccionesJuego] DEBUG [2016-07-04 17:14:46,180]: ReturnStatus
[AccionesJuego] DEBUG [2016-07-04 17:14:46,180]: [getTurno-turno] 0
[AccionesJuego] DEBUG [2016-07-04 17:14:46,180]: [getTurno-turno] 1
[AccionesJuego] DEBUG [2016-07-04 17:14:46,180]: [getTurno-turno] 2
[AccionesJuego] DEBUG [2016-07-04 17:14:46,180]: Ejecutando obtenerGanador
[AccionesJuego] DEBUG [2016-07-04 17:14:46,181]: (1, 'oro_11')
[AccionesJuego] DEBUG [2016-07-04 17:14:46,181]: [0, 0]
[AccionesJuego] DEBUG [2016-07-04 17:14:46,181]: obtenerGanador-cartaSTR] oro_11
[AccionesJuego] DEBUG [2016-07-04 17:14:46,181]: (0, 'espada_12')
[AccionesJuego] DEBUG [2016-07-04 17:14:46,181]: ('oro_11', 1)
[AccionesJuego] DEBUG [2016-07-04 17:14:46,181]: obtenerGanador-cartaSTR] espada_12
[AccionesJuego] DEBUG [2016-07-04 17:14:46,181]: Carta Mayor
[AccionesJuego] DEBUG [2016-07-04 17:14:46,181]: ('espada_12', 0)
[AccionesJuego] DEBUG [2016-07-04 17:14:46,181]: Ronda 2
[AccionesJuego] DEBUG [2016-07-04 17:14:46,181]: Parda 0
[AccionesJuego] DEBUG [2016-07-04 17:14:46,181]: ReturnStatus
[AccionesJuego] DEBUG [2016-07-04 17:14:46,181]: [getTurno-turno] 1
[AccionesJuego] DEBUG [2016-07-04 17:14:46,181]: [getTurno-turno] 2
[AccionesJuego] DEBUG [2016-07-04 17:14:46,181]: [getTurno-turno] 1
[AccionesJuego] DEBUG [2016-07-04 17:14:46,182]: Ejecutando obtenerGanador
[AccionesJuego] DEBUG [2016-07-04 17:14:46,182]: (0, 'oro_5')
[AccionesJuego] DEBUG [2016-07-04 17:14:46,182]: [0, 0]
[AccionesJuego] DEBUG [2016-07-04 17:14:46,183]: obtenerGanador-cartaSTR] oro_5
[AccionesJuego] DEBUG [2016-07-04 17:14:46,183]: (1, 'espada_3')
[AccionesJuego] DEBUG [2016-07-04 17:14:46,183]: ('oro_5', 0)
[AccionesJuego] DEBUG [2016-07-04 17:14:46,183]: obtenerGanador-cartaSTR] espada_3
[AccionesJuego] DEBUG [2016-07-04 17:14:46,183]: Carta Mayor
[AccionesJuego] DEBUG [2016-07-04 17:14:46,183]: ('espada_3', 1)
[AccionesJuego] DEBUG [2016-07-04 17:14:46,183]: Ronda 1
[AccionesJuego] DEBUG [2016-07-04 17:14:46,183]: Parda 0
[AccionesJuego] DEBUG [2016-07-04 17:14:46,183]: ReturnStatus
[AccionesJuego] DEBUG [2016-07-04 17:14:46,183]: [getTurno-turno] 1
[AccionesJuego] DEBUG [2016-07-04 17:14:46,183]: [getTurno-turno] 2
[AccionesJuego] DEBUG [2016-07-04 17:14:46,183]: [getTurno-turno] 1
[AccionesJuego] DEBUG [2016-07-04 17:14:46,184]: Ejecutando obtenerGanador
[AccionesJuego] DEBUG [2016-07-04 17:14:46,184]: (0, 'basto_1')
[AccionesJuego] DEBUG [2016-07-04 17:14:46,184]: [0, 0]
[AccionesJuego] DEBUG [2016-07-04 17:14:46,184]: obtenerGanador-cartaSTR] basto_1
[AccionesJuego] DEBUG [2016-07-04 17:14:46,184]: (1, 'copa_10')
[AccionesJuego] DEBUG [2016-07-04 17:14:46,184]: ('basto_1', 0)
[AccionesJuego] DEBUG [2016-07-04 17:14:46,184]: obtenerGanador-cartaSTR] copa_10
[AccionesJuego] DEBUG [2016-07-04 17:14:46,184]: Carta Mayor
[AccionesJuego] DEBUG [2016-07-04 17:14:46,185]: ('basto_1', 0)
[AccionesJuego] DEBUG [2016-07-04 17:14:46,185]: Ronda 2
[AccionesJuego] DEBUG [2016-07-04 17:14:46,185]: Parda 0
[AccionesJuego] DEBUG [2016-07-04 17:14:46,185]: ReturnStatus
[AccionesJuego] DEBUG [2016-07-04 17:14:46,185]: [getTurno-turno] 0
[AccionesJuego] DEBUG [2016-07-04 17:14:46,185]: [getTurno-turno] 1
[AccionesJuego] DEBUG [2016-07-04 17:14:46,185]: [getTurno-turno] 2
[AccionesJuego] DEBUG [2016-07-04 17:14:46,186]: Ejecutando obtenerGanador
[AccionesJuego] DEBUG [2016-07-04 17:14:46,186]: (1, 'espada_5')
[AccionesJuego] DEBUG [2016-07-04 17:14:46,186]: [0, 0]
[AccionesJuego] DEBUG [2016-07-04 17:14:46,186]: obtenerGanador-cartaSTR] espada_5
[AccionesJuego] DEBUG [2016-07-04 17:14:46,186]: (0, 'basto_10')
[AccionesJuego] DEBUG [2016-07-04 17:14:46,186]: ('espada_5', 1)
[AccionesJuego] DEBUG [2016-07-04 17:14:46,186]: obtenerGanador-cartaSTR] basto_10
[AccionesJuego] DEBUG [2016-07-04 17:14:46,186]: Carta Mayor
[AccionesJuego] DEBUG [2016-07-04 17:14:46,186]: ('basto_10', 0)
[AccionesJuego] DEBUG [2016-07-04 17:14:46,186]: Ronda 3
[AccionesJuego] DEBUG [2016-07-04 17:14:46,186]: Parda 0
[AccionesJuego] DEBUG [2016-07-04 17:14:46,186]: ReturnStatus
[AccionesJuego] DEBUG [2016-07-04 17:14:46,187]: [getTurno-turno] 1
[AccionesJuego] DEBUG [2016-07-04 17:14:46,187]: [getTurno-turno] 2
[AccionesJuego] DEBUG [2016-07-04 17:14:46,187]: [getTurno-turno] 1
[AccionesJuego] DEBUG [2016-07-04 17:14:46,187]: Ejecutando obtenerGanador
[AccionesJuego] DEBUG [2016-07-04 17:14:46,188]: (0, 'basto_4')
[AccionesJuego] DEBUG [2016-07-04 17:14:46,188]: [0, 0]
[AccionesJuego] DEBUG [2016-07-04 17:14:46,188]: obtenerGanador-cartaSTR] basto_4
[AccionesJuego] DEBUG [2016-07-04 17:14:46,188]: (1, 'basto_5')
[AccionesJuego] DEBUG [2016-07-04 17:14:46,188]: ('basto_4', 0)
[AccionesJuego] DEBUG [2016-07-04 17:14:46,188]: obtenerGanador-cartaSTR] basto_5
[AccionesJuego] DEBUG [2016-07-04 17:14:46,188]: Carta Mayor
[AccionesJuego] DEBUG [2016-07-04 17:14:46,188]: ('basto_5', 1)
[AccionesJuego] DEBUG [2016-07-04 17:14:46,188]: Ronda 1
[AccionesJuego] DEBUG [2016-07-04 17:14:46,188]: Parda 0
[AccionesJuego] DEBUG [2016-07-04 17:14:46,188]: ReturnStatus
[AccionesJuego] DEBUG [2016-07-04 17:14:46,188]: [getTurno-turno] 1
[AccionesJuego] DEBUG [2016-07-04 17:14:46,188]: [getTurno-turno] 2
[AccionesJuego] DEBUG [2016-07-04 17:14:46,189]: [getTurno-turno] 1
[AccionesJuego] DEBUG [2016-07-04 17:14:46,189]: Ejecutando obtenerGanador
[AccionesJuego] DEBUG [2016-07-04 17:14:46,189]: (0, 'oro_4')
[AccionesJuego] DEBUG [2016-07-04 17:14:46,189]: [0, 0]
[AccionesJuego] DEBUG [2016-07-04 17:14:46,189]: obtenerGanador-cartaSTR] oro_4
[AccionesJuego] DEBUG [2016-07-04 17:14:46,189]: (1, 'basto_7')
[AccionesJuego] DEBUG [2016-07-04 17:14:46,190]: ('oro_4', 0)
[AccionesJuego] DEBUG [2016-07-04 17:14:46,190]: obtenerGanador-cartaSTR] basto_7
[AccionesJuego] DEBUG [2016-07-04 17:14:46,190]: Carta Mayor
[AccionesJuego] DEBUG [2016-07-04 17:14:46,190]: ('basto_7', 1)
[AccionesJuego] DEBUG [2016-07-04 17:14:46,190]: Ronda 2
[AccionesJuego] DEBUG [2016-07-04 17:14:46,190]: Parda 0
[AccionesJuego] DEBUG [2016-07-04 17:14:46,190]: ReturnStatus
[AccionesJuego] DEBUG [2016-07-04 17:14:46,191]: [getTurno-turno] 2
[AccionesJuego] DEBUG [2016-07-04 17:14:46,191]: [getTurno-turno] 1
[AccionesJuego] DEBUG [2016-07-04 17:14:46,191]: [getTurno-turno] 2
[AccionesJuego] DEBUG [2016-07-04 17:14:46,191]: Ejecutando obtenerGanador
[AccionesJuego] DEBUG [2016-07-04 17:14:46,192]: (1, 'basto_12')
[AccionesJuego] DEBUG [2016-07-04 17:14:46,192]: [0, 0]
[AccionesJuego] DEBUG [2016-07-04 17:14:46,192]: obtenerGanador-cartaSTR] basto_12
[AccionesJuego] DEBUG [2016-07-04 17:14:46,192]: (0, 'oro_11')
[AccionesJuego] DEBUG [2016-07-04 17:14:46,192]: ('basto_12', 1)
[AccionesJuego] DEBUG [2016-07-04 17:14:46,192]: obtenerGanador-cartaSTR] oro_11
[AccionesJuego] DEBUG [2016-07-04 17:14:46,192]: Carta Mayor
[AccionesJuego] DEBUG [2016-07-04 17:14:46,192]: ('basto_12', 1)
[AccionesJuego] DEBUG [2016-07-04 17:14:46,192]: Ronda 1
[AccionesJuego] DEBUG [2016-07-04 17:14:46,192]: Parda 0
[AccionesJuego] DEBUG [2016-07-04 17:14:46,192]: ReturnStatus
[AccionesJuego] DEBUG [2016-07-04 17:14:46,192]: [getTurno-turno] 1
[AccionesJuego] DEBUG [2016-07-04 17:14:46,192]: [getTurno-turno] 2
[AccionesJuego] DEBUG [2016-07-04 17:14:46,193]: [getTurno-turno] 1
[AccionesJuego] DEBUG [2016-07-04 17:14:46,193]: Ejecutando obtenerGanador
[AccionesJuego] DEBUG [2016-07-04 17:14:46,193]: (0, 'basto_6')
[AccionesJuego] DEBUG [2016-07-04 17:14:46,193]: [0, 0]
[AccionesJuego] DEBUG [2016-07-04 17:14:46,193]: obtenerGanador-cartaSTR] basto_6
[AccionesJuego] DEBUG [2016-07-04 17:14:46,193]: (1, 'oro_5')
[AccionesJuego] DEBUG [2016-07-04 17:14:46,193]: ('basto_6', 0)
[AccionesJuego] DEBUG [2016-07-04 17:14:46,193]: obtenerGanador-cartaSTR] oro_5
[AccionesJuego] DEBUG [2016-07-04 17:14:46,194]: Carta Mayor
[AccionesJuego] DEBUG [2016-07-04 17:14:46,194]: ('basto_6', 0)
[AccionesJuego] DEBUG [2016-07-04 17:14:46,194]: Ronda 2
[AccionesJuego] DEBUG [2016-07-04 17:14:46,194]: Parda 0
[AccionesJuego] DEBUG [2016-07-04 17:14:46,194]: ReturnStatus
[AccionesJuego] DEBUG [2016-07-04 17:14:46,194]: [getTurno-turno] 0
[AccionesJuego] DEBUG [2016-07-04 17:14:46,194]: [getTurno-turno] 1
[AccionesJuego] DEBUG [2016-07-04 17:14:46,194]: [getTurno-turno] 2
[AccionesJuego] DEBUG [2016-07-04 17:14:46,195]: Ejecutando obtenerGanador
[AccionesJuego] DEBUG [2016-07-04 17:14:46,195]: (1, 'espada_7')
[AccionesJuego] DEBUG [2016-07-04 17:14:46,195]: [0, 0]
[AccionesJuego] DEBUG [2016-07-04 17:14:46,195]: obtenerGanador-cartaSTR] espada_7
[AccionesJuego] DEBUG [2016-07-04 17:14:46,195]: (0, 'oro_4')
[AccionesJuego] DEBUG [2016-07-04 17:14:46,195]: ('espada_7', 1)
[AccionesJuego] DEBUG [2016-07-04 17:14:46,195]: obtenerGanador-cartaSTR] oro_4
[AccionesJuego] DEBUG [2016-07-04 17:14:46,195]: Carta Mayor
[AccionesJuego] DEBUG [2016-07-04 17:14:46,195]: ('espada_7', 1)
[AccionesJuego] DEBUG [2016-07-04 17:14:46,195]: Ronda 3
[AccionesJuego] DEBUG [2016-07-04 17:14:46,195]: Parda 0
[AccionesJuego] DEBUG [2016-07-04 17:14:46,195]: ReturnStatus
[AccionesJuego] DEBUG [2016-07-04 17:14:46,196]: [getTurno-turno] 1
[AccionesJuego] DEBUG [2016-07-04 17:14:46,196]: [getTurno-turno] 2
[AccionesJuego] DEBUG [2016-07-04 17:14:46,196]: [getTurno-turno] 1
[AccionesJuego] DEBUG [2016-07-04 17:14:46,196]: Ejecutando obtenerGanador
[AccionesJuego] DEBUG [2016-07-04 17:14:46,196]: (0, 'oro_6')
[AccionesJuego] DEBUG [2016-07-04 17:14:46,196]: [0, 0]
[AccionesJuego] DEBUG [2016-07-04 17:14:46,196]: obtenerGanador-cartaSTR] oro_6
[AccionesJuego] DEBUG [2016-07-04 17:14:46,197]: (1, 'oro_5')
[AccionesJuego] DEBUG [2016-07-04 17:14:46,197]: ('oro_6', 0)
[AccionesJuego] DEBUG [2016-07-04 17:14:46,197]: obtenerGanador-cartaSTR] oro_5
[AccionesJuego] DEBUG [2016-07-04 17:14:46,197]: Carta Mayor
[AccionesJuego] DEBUG [2016-07-04 17:14:46,197]: ('oro_6', 0)
[AccionesJuego] DEBUG [2016-07-04 17:14:46,197]: Ronda 1
[AccionesJuego] DEBUG [2016-07-04 17:14:46,197]: Parda 0
[AccionesJuego] DEBUG [2016-07-04 17:14:46,197]: ReturnStatus
[AccionesJuego] DEBUG [2016-07-04 17:14:46,197]: [getTurno-turno] 0
[AccionesJuego] DEBUG [2016-07-04 17:14:46,197]: [getTurno-turno] 1
[AccionesJuego] DEBUG [2016-07-04 17:14:46,197]: [getTurno-turno] 2
[AccionesJuego] DEBUG [2016-07-04 17:14:46,198]: Ejecutando obtenerGanador
[AccionesJuego] DEBUG [2016-07-04 17:14:46,198]: (1, 'copa_6')
[AccionesJuego] DEBUG [2016-07-04 17:14:46,198]: [0, 0]
[AccionesJuego] DEBUG [2016-07-04 17:14:46,198]: obtenerGanador-cartaSTR] copa_6
[AccionesJuego] DEBUG [2016-07-04 17:14:46,198]: (0, 'basto_4')
[AccionesJuego] DEBUG [2016-07-04 17:14:46,198]: ('copa_6', 1)
[AccionesJuego] DEBUG [2016-07-04 17:14:46,198]: obtenerGanador-cartaSTR] basto_4
[AccionesJuego] DEBUG [2016-07-04 17:14:46,198]: Carta Mayor
[AccionesJuego] DEBUG [2016-07-04 17:14:46,198]: ('copa_6', 1)
[AccionesJuego] DEBUG [2016-07-04 17:14:46,198]: Ronda 2
[AccionesJuego] DEBUG [2016-07-04 17:14:46,198]: Parda 0
[AccionesJuego] DEBUG [2016-07-04 17:14:46,198]: ReturnStatus
[AccionesJuego] DEBUG [2016-07-04 17:14:46,199]: [getTurno-turno] 1
[AccionesJuego] DEBUG [2016-07-04 17:14:46,199]: [getTurno-turno] 2
[AccionesJuego] DEBUG [2016-07-04 17:14:46,199]: [getTurno-turno] 1
[AccionesJuego] DEBUG [2016-07-04 17:14:46,199]: Ejecutando obtenerGanador
[AccionesJuego] DEBUG [2016-07-04 17:14:46,199]: (0, 'copa_11')
[AccionesJuego] DEBUG [2016-07-04 17:14:46,200]: [0, 0]
[AccionesJuego] DEBUG [2016-07-04 17:14:46,200]: obtenerGanador-cartaSTR] copa_11
[AccionesJuego] DEBUG [2016-07-04 17:14:46,200]: (1, 'basto_10')
[AccionesJuego] DEBUG [2016-07-04 17:14:46,200]: ('copa_11', 0)
[AccionesJuego] DEBUG [2016-07-04 17:14:46,200]: obtenerGanador-cartaSTR] basto_10
[AccionesJuego] DEBUG [2016-07-04 17:14:46,200]: Carta Mayor
[AccionesJuego] DEBUG [2016-07-04 17:14:46,200]: ('copa_11', 0)
[AccionesJuego] DEBUG [2016-07-04 17:14:46,200]: Ronda 3
[AccionesJuego] DEBUG [2016-07-04 17:14:46,200]: Parda 0
[AccionesJuego] DEBUG [2016-07-04 17:14:46,200]: ReturnStatus
[AccionesJuego] DEBUG [2016-07-04 17:14:46,200]: [getTurno-turno] 2
[AccionesJuego] DEBUG [2016-07-04 17:14:46,200]: [getTurno-turno] 1
[AccionesJuego] DEBUG [2016-07-04 17:14:46,201]: [getTurno-turno] 2
[AccionesJuego] DEBUG [2016-07-04 17:14:46,201]: Ejecutando obtenerGanador
[AccionesJuego] DEBUG [2016-07-04 17:14:46,201]: (1, 'basto_3')
[AccionesJuego] DEBUG [2016-07-04 17:14:46,201]: [0, 0]
[AccionesJuego] DEBUG [2016-07-04 17:14:46,201]: obtenerGanador-cartaSTR] basto_3
[AccionesJuego] DEBUG [2016-07-04 17:14:46,201]: (0, 'basto_2')
[AccionesJuego] DEBUG [2016-07-04 17:14:46,201]: ('basto_3', 1)
[AccionesJuego] DEBUG [2016-07-04 17:14:46,201]: obtenerGanador-cartaSTR] basto_2
[AccionesJuego] DEBUG [2016-07-04 17:14:46,202]: Carta Mayor
[AccionesJuego] DEBUG [2016-07-04 17:14:46,202]: ('basto_3', 1)
[AccionesJuego] DEBUG [2016-07-04 17:14:46,202]: Ronda 1
[AccionesJuego] DEBUG [2016-07-04 17:14:46,202]: Parda 0
[AccionesJuego] DEBUG [2016-07-04 17:14:46,202]: ReturnStatus
[AccionesJuego] DEBUG [2016-07-04 17:14:46,202]: [getTurno-turno] 1
[AccionesJuego] DEBUG [2016-07-04 17:14:46,202]: [getTurno-turno] 2
[AccionesJuego] DEBUG [2016-07-04 17:14:46,202]: [getTurno-turno] 1
[AccionesJuego] DEBUG [2016-07-04 17:14:46,203]: Ejecutando obtenerGanador
[AccionesJuego] DEBUG [2016-07-04 17:14:46,203]: (0, 'basto_6')
[AccionesJuego] DEBUG [2016-07-04 17:14:46,203]: [0, 0]
[AccionesJuego] DEBUG [2016-07-04 17:14:46,203]: obtenerGanador-cartaSTR] basto_6
[AccionesJuego] DEBUG [2016-07-04 17:14:46,203]: (1, 'oro_11')
[AccionesJuego] DEBUG [2016-07-04 17:14:46,203]: ('basto_6', 0)
[AccionesJuego] DEBUG [2016-07-04 17:14:46,203]: obtenerGanador-cartaSTR] oro_11
[AccionesJuego] DEBUG [2016-07-04 17:14:46,203]: Carta Mayor
[AccionesJuego] DEBUG [2016-07-04 17:14:46,203]: ('oro_11', 1)
[AccionesJuego] DEBUG [2016-07-04 17:14:46,203]: Ronda 2
[AccionesJuego] DEBUG [2016-07-04 17:14:46,203]: Parda 0
[AccionesJuego] DEBUG [2016-07-04 17:14:46,204]: ReturnStatus
[AccionesJuego] DEBUG [2016-07-04 17:14:46,204]: [getTurno-turno] 2
[AccionesJuego] DEBUG [2016-07-04 17:14:46,204]: [getTurno-turno] 1
[AccionesJuego] DEBUG [2016-07-04 17:14:46,204]: [getTurno-turno] 2
[AccionesJuego] DEBUG [2016-07-04 17:14:46,204]: Ejecutando obtenerGanador
[AccionesJuego] DEBUG [2016-07-04 17:14:46,205]: (1, 'oro_1')
[AccionesJuego] DEBUG [2016-07-04 17:14:46,205]: [0, 0]
[AccionesJuego] DEBUG [2016-07-04 17:14:46,205]: obtenerGanador-cartaSTR] oro_1
[AccionesJuego] DEBUG [2016-07-04 17:14:46,205]: (0, 'espada_12')
[AccionesJuego] DEBUG [2016-07-04 17:14:46,205]: ('oro_1', 1)
[AccionesJuego] DEBUG [2016-07-04 17:14:46,205]: obtenerGanador-cartaSTR] espada_12
[AccionesJuego] DEBUG [2016-07-04 17:14:46,205]: Carta Mayor
[AccionesJuego] DEBUG [2016-07-04 17:14:46,205]: ('oro_1', 1)
[AccionesJuego] DEBUG [2016-07-04 17:14:46,205]: Ronda 1
[AccionesJuego] DEBUG [2016-07-04 17:14:46,205]: Parda 0
[AccionesJuego] DEBUG [2016-07-04 17:14:46,205]: ReturnStatus
[AccionesJuego] DEBUG [2016-07-04 17:14:46,205]: [getTurno-turno] 1
[AccionesJuego] DEBUG [2016-07-04 17:14:46,205]: [getTurno-turno] 2
[AccionesJuego] DEBUG [2016-07-04 17:14:46,206]: [getTurno-turno] 1
[AccionesJuego] DEBUG [2016-07-04 17:14:46,206]: Ejecutando obtenerGanador
[AccionesJuego] DEBUG [2016-07-04 17:14:46,206]: (0, 'espada_7')
[AccionesJuego] DEBUG [2016-07-04 17:14:46,206]: [0, 0]
[AccionesJuego] DEBUG [2016-07-04 17:14:46,206]: obtenerGanador-cartaSTR] espada_7
[AccionesJuego] DEBUG [2016-07-04 17:14:46,206]: (1, 'copa_1')
[AccionesJuego] DEBUG [2016-07-04 17:14:46,206]: ('espada_7', 0)
[AccionesJuego] DEBUG [2016-07-04 17:14:46,206]: obtenerGanador-cartaSTR] copa_1
[AccionesJuego] DEBUG [2016-07-04 17:14:46,207]: Carta Mayor
[AccionesJuego] DEBUG [2016-07-04 17:14:46,207]: ('espada_7', 0)
[AccionesJuego] DEBUG [2016-07-04 17:14:46,207]: Ronda 2
[AccionesJuego] DEBUG [2016-07-04 17:14:46,207]: Parda 0
[AccionesJuego] DEBUG [2016-07-04 17:14:46,207]: ReturnStatus
[AccionesJuego] DEBUG [2016-07-04 17:14:46,207]: [getTurno-turno] 0
[AccionesJuego] DEBUG [2016-07-04 17:14:46,207]: [getTurno-turno] 1
[AccionesJuego] DEBUG [2016-07-04 17:14:46,207]: [getTurno-turno] 2
[AccionesJuego] DEBUG [2016-07-04 17:14:46,208]: Ejecutando obtenerGanador
[AccionesJuego] DEBUG [2016-07-04 17:14:46,208]: (1, 'espada_4')
[AccionesJuego] DEBUG [2016-07-04 17:14:46,208]: [0, 0]
[AccionesJuego] DEBUG [2016-07-04 17:14:46,208]: obtenerGanador-cartaSTR] espada_4
[AccionesJuego] DEBUG [2016-07-04 17:14:46,208]: (0, 'oro_5')
[AccionesJuego] DEBUG [2016-07-04 17:14:46,208]: ('espada_4', 1)
[AccionesJuego] DEBUG [2016-07-04 17:14:46,208]: obtenerGanador-cartaSTR] oro_5
[AccionesJuego] DEBUG [2016-07-04 17:14:46,208]: Carta Mayor
[AccionesJuego] DEBUG [2016-07-04 17:14:46,208]: ('oro_5', 0)
[AccionesJuego] DEBUG [2016-07-04 17:14:46,208]: Ronda 3
[AccionesJuego] DEBUG [2016-07-04 17:14:46,208]: Parda 0
[AccionesJuego] DEBUG [2016-07-04 17:14:46,208]: ReturnStatus
[AccionesJuego] DEBUG [2016-07-04 17:14:46,209]: [getTurno-turno] 1
[AccionesJuego] DEBUG [2016-07-04 17:14:46,209]: [getTurno-turno] 2
[AccionesJuego] DEBUG [2016-07-04 17:14:46,209]: [getTurno-turno] 1
[AccionesJuego] DEBUG [2016-07-04 17:14:46,209]: Ejecutando obtenerGanador
[AccionesJuego] DEBUG [2016-07-04 17:14:46,209]: (0, 'basto_6')
[AccionesJuego] DEBUG [2016-07-04 17:14:46,209]: [0, 0]
[AccionesJuego] DEBUG [2016-07-04 17:14:46,210]: obtenerGanador-cartaSTR] basto_6
[AccionesJuego] DEBUG [2016-07-04 17:14:46,210]: (1, 'basto_2')
[AccionesJuego] DEBUG [2016-07-04 17:14:46,210]: ('basto_6', 0)
[AccionesJuego] DEBUG [2016-07-04 17:14:46,210]: obtenerGanador-cartaSTR] basto_2
[AccionesJuego] DEBUG [2016-07-04 17:14:46,210]: Carta Mayor
[AccionesJuego] DEBUG [2016-07-04 17:14:46,210]: ('basto_2', 1)
[AccionesJuego] DEBUG [2016-07-04 17:14:46,210]: Ronda 1
[AccionesJuego] DEBUG [2016-07-04 17:14:46,210]: Parda 0
[AccionesJuego] DEBUG [2016-07-04 17:14:46,210]: ReturnStatus
[AccionesJuego] DEBUG [2016-07-04 17:14:46,210]: [getTurno-turno] 1
[AccionesJuego] DEBUG [2016-07-04 17:14:46,210]: [getTurno-turno] 2
[AccionesJuego] DEBUG [2016-07-04 17:14:46,210]: [getTurno-turno] 1
[AccionesJuego] DEBUG [2016-07-04 17:14:46,211]: Ejecutando obtenerGanador
[AccionesJuego] DEBUG [2016-07-04 17:14:46,211]: (0, 'copa_10')
[AccionesJuego] DEBUG [2016-07-04 17:14:46,211]: [0, 0]
[AccionesJuego] DEBUG [2016-07-04 17:14:46,211]: obtenerGanador-cartaSTR] copa_10
[AccionesJuego] DEBUG [2016-07-04 17:14:46,211]: (1, 'oro_3')
[AccionesJuego] DEBUG [2016-07-04 17:14:46,211]: ('copa_10', 0)
[AccionesJuego] DEBUG [2016-07-04 17:14:46,211]: obtenerGanador-cartaSTR] oro_3
[AccionesJuego] DEBUG [2016-07-04 17:14:46,211]: Carta Mayor
[AccionesJuego] DEBUG [2016-07-04 17:14:46,211]: ('oro_3', 1)
[AccionesJuego] DEBUG [2016-07-04 17:14:46,211]: Ronda 2
[AccionesJuego] DEBUG [2016-07-04 17:14:46,212]: Parda 0
[AccionesJuego] DEBUG [2016-07-04 17:14:46,212]: ReturnStatus
[AccionesJuego] DEBUG [2016-07-04 17:14:46,212]: [getTurno-turno] 2
[AccionesJuego] DEBUG [2016-07-04 17:14:46,212]: [getTurno-turno] 1
[AccionesJuego] DEBUG [2016-07-04 17:14:46,212]: [getTurno-turno] 2
[AccionesJuego] DEBUG [2016-07-04 17:14:46,213]: Ejecutando obtenerGanador
[AccionesJuego] DEBUG [2016-07-04 17:14:46,213]: (1, 'basto_10')
[AccionesJuego] DEBUG [2016-07-04 17:14:46,213]: [0, 0]
[AccionesJuego] DEBUG [2016-07-04 17:14:46,213]: obtenerGanador-cartaSTR] basto_10
[AccionesJuego] DEBUG [2016-07-04 17:14:46,213]: (0, 'copa_3')
[AccionesJuego] DEBUG [2016-07-04 17:14:46,213]: ('basto_10', 1)
[AccionesJuego] DEBUG [2016-07-04 17:14:46,213]: obtenerGanador-cartaSTR] copa_3
[AccionesJuego] DEBUG [2016-07-04 17:14:46,213]: Carta Mayor
[AccionesJuego] DEBUG [2016-07-04 17:14:46,213]: ('copa_3', 0)
[AccionesJuego] DEBUG [2016-07-04 17:14:46,213]: Ronda 1
[AccionesJuego] DEBUG [2016-07-04 17:14:46,213]: Parda 0
[AccionesJuego] DEBUG [2016-07-04 17:14:46,213]: ReturnStatus
[AccionesJuego] DEBUG [2016-07-04 17:14:46,213]: [getTurno-turno] 0
[AccionesJuego] DEBUG [2016-07-04 17:14:46,214]: [getTurno-turno] 1
[AccionesJuego] DEBUG [2016-07-04 17:14:46,214]: [getTurno-turno] 2
[AccionesJuego] DEBUG [2016-07-04 17:14:46,214]: Ejecutando obtenerGanador
[AccionesJuego] DEBUG [2016-07-04 17:14:46,214]: (1, 'basto_6')
[AccionesJuego] DEBUG [2016-07-04 17:14:46,214]: [0, 0]
[AccionesJuego] DEBUG [2016-07-04 17:14:46,214]: obtenerGanador-cartaSTR] basto_6
[AccionesJuego] DEBUG [2016-07-04 17:14:46,214]: (0, 'espada_11')
[AccionesJuego] DEBUG [2016-07-04 17:14:46,214]: ('basto_6', 1)
[AccionesJuego] DEBUG [2016-07-04 17:14:46,215]: obtenerGanador-cartaSTR] espada_11
[AccionesJuego] DEBUG [2016-07-04 17:14:46,215]: Carta Mayor
[AccionesJuego] DEBUG [2016-07-04 17:14:46,215]: ('espada_11', 0)
[AccionesJuego] DEBUG [2016-07-04 17:14:46,215]: Ronda 2
[AccionesJuego] DEBUG [2016-07-04 17:14:46,215]: Parda 0
[AccionesJuego] DEBUG [2016-07-04 17:14:46,215]: ReturnStatus
[AccionesJuego] DEBUG [2016-07-04 17:14:46,215]: [getTurno-turno] 1
[AccionesJuego] DEBUG [2016-07-04 17:14:46,215]: [getTurno-turno] 2
[AccionesJuego] DEBUG [2016-07-04 17:14:46,215]: [getTurno-turno] 1
[AccionesJuego] DEBUG [2016-07-04 17:14:46,216]: Ejecutando obtenerGanador
[AccionesJuego] DEBUG [2016-07-04 17:14:46,216]: (0, 'copa_2')
[AccionesJuego] DEBUG [2016-07-04 17:14:46,216]: [0, 0]
[AccionesJuego] DEBUG [2016-07-04 17:14:46,216]: obtenerGanador-cartaSTR] copa_2
[AccionesJuego] DEBUG [2016-07-04 17:14:46,216]: (1, 'copa_1')
[AccionesJuego] DEBUG [2016-07-04 17:14:46,216]: ('copa_2', 0)
[AccionesJuego] DEBUG [2016-07-04 17:14:46,216]: obtenerGanador-cartaSTR] copa_1
[AccionesJuego] DEBUG [2016-07-04 17:14:46,216]: Carta Mayor
[AccionesJuego] DEBUG [2016-07-04 17:14:46,216]: ('copa_2', 0)
[AccionesJuego] DEBUG [2016-07-04 17:14:46,216]: Ronda 1
[AccionesJuego] DEBUG [2016-07-04 17:14:46,216]: Parda 0
[AccionesJuego] DEBUG [2016-07-04 17:14:46,217]: ReturnStatus
[AccionesJuego] DEBUG [2016-07-04 17:14:46,217]: [getTurno-turno] 0
[AccionesJuego] DEBUG [2016-07-04 17:14:46,217]: [getTurno-turno] 1
[AccionesJuego] DEBUG [2016-07-04 17:14:46,217]: [getTurno-turno] 2
[AccionesJuego] DEBUG [2016-07-04 17:14:46,217]: Ejecutando obtenerGanador
[AccionesJuego] DEBUG [2016-07-04 17:14:46,217]: (1, 'espada_2')
[AccionesJuego] DEBUG [2016-07-04 17:14:46,218]: [0, 0]
[AccionesJuego] DEBUG [2016-07-04 17:14:46,218]: obtenerGanador-cartaSTR] espada_2
[AccionesJuego] DEBUG [2016-07-04 17:14:46,218]: (0, 'copa_4')
[AccionesJuego] DEBUG [2016-07-04 17:14:46,218]: ('espada_2', 1)
[AccionesJuego] DEBUG [2016-07-04 17:14:46,218]: obtenerGanador-cartaSTR] copa_4
[AccionesJuego] DEBUG [2016-07-04 17:14:46,218]: Carta Mayor
[AccionesJuego] DEBUG [2016-07-04 17:14:46,218]: ('espada_2', 1)
[AccionesJuego] DEBUG [2016-07-04 17:14:46,218]: Ronda 2
[AccionesJuego] DEBUG [2016-07-04 17:14:46,218]: Parda 0
[AccionesJuego] DEBUG [2016-07-04 17:14:46,218]: ReturnStatus
[AccionesJuego] DEBUG [2016-07-04 17:14:46,218]: [getTurno-turno] 1
[AccionesJuego] DEBUG [2016-07-04 17:14:46,218]: [getTurno-turno] 2
[AccionesJuego] DEBUG [2016-07-04 17:14:46,218]: [getTurno-turno] 1
[AccionesJuego] DEBUG [2016-07-04 17:14:46,219]: Ejecutando obtenerGanador
[AccionesJuego] DEBUG [2016-07-04 17:14:46,219]: (0, 'espada_3')
[AccionesJuego] DEBUG [2016-07-04 17:14:46,219]: [0, 0]
[AccionesJuego] DEBUG [2016-07-04 17:14:46,219]: obtenerGanador-cartaSTR] espada_3
[AccionesJuego] DEBUG [2016-07-04 17:14:46,219]: (1, 'oro_6')
[AccionesJuego] DEBUG [2016-07-04 17:14:46,219]: ('espada_3', 0)
[AccionesJuego] DEBUG [2016-07-04 17:14:46,219]: obtenerGanador-cartaSTR] oro_6
[AccionesJuego] DEBUG [2016-07-04 17:14:46,219]: Carta Mayor
[AccionesJuego] DEBUG [2016-07-04 17:14:46,220]: ('espada_3', 0)
[AccionesJuego] DEBUG [2016-07-04 17:14:46,220]: Ronda 3
[AccionesJuego] DEBUG [2016-07-04 17:14:46,220]: Parda 0
[AccionesJuego] DEBUG [2016-07-04 17:14:46,220]: ReturnStatus
[AccionesJuego] DEBUG [2016-07-04 17:14:46,220]: [getTurno-turno] 2
[AccionesJuego] DEBUG [2016-07-04 17:14:46,220]: [getTurno-turno] 1
[AccionesJuego] DEBUG [2016-07-04 17:14:46,220]: [getTurno-turno] 2
[AccionesJuego] DEBUG [2016-07-04 17:14:46,221]: Ejecutando obtenerGanador
[AccionesJuego] DEBUG [2016-07-04 17:14:46,221]: (1, 'copa_1')
[AccionesJuego] DEBUG [2016-07-04 17:14:46,221]: [0, 0]
[AccionesJuego] DEBUG [2016-07-04 17:14:46,221]: obtenerGanador-cartaSTR] copa_1
[AccionesJuego] DEBUG [2016-07-04 17:14:46,221]: (0, 'oro_1')
[AccionesJuego] DEBUG [2016-07-04 17:14:46,221]: ('copa_1', 1)
[AccionesJuego] DEBUG [2016-07-04 17:14:46,221]: obtenerGanador-cartaSTR] oro_1
[AccionesJuego] DEBUG [2016-07-04 17:14:46,221]: Carta Mayor
[AccionesJuego] DEBUG [2016-07-04 17:14:46,221]: oro_1
[AccionesJuego] DEBUG [2016-07-04 17:14:46,221]: Ronda 1
[AccionesJuego] DEBUG [2016-07-04 17:14:46,221]: Parda 1
[AccionesJuego] DEBUG [2016-07-04 17:14:46,221]: ReturnStatus
[AccionesJuego] DEBUG [2016-07-04 17:14:46,222]: [getTurno-turno] 1
[AccionesJuego] DEBUG [2016-07-04 17:14:46,222]: [getTurno-turno] 2
[AccionesJuego] DEBUG [2016-07-04 17:14:46,222]: [getTurno-turno] 1
[AccionesJuego] DEBUG [2016-07-04 17:14:46,222]: Ejecutando obtenerGanador
[AccionesJuego] DEBUG [2016-07-04 17:14:46,222]: (0, 'copa_10')
[AccionesJuego] DEBUG [2016-07-04 17:14:46,222]: [0, 0]
[AccionesJuego] DEBUG [2016-07-04 17:14:46,222]: obtenerGanador-cartaSTR] copa_10
[AccionesJuego] DEBUG [2016-07-04 17:14:46,222]: (1, 'basto_3')
[AccionesJuego] DEBUG [2016-07-04 17:14:46,223]: ('copa_10', 0)
[AccionesJuego] DEBUG [2016-07-04 17:14:46,223]: obtenerGanador-cartaSTR] basto_3
[AccionesJuego] DEBUG [2016-07-04 17:14:46,223]: Carta Mayor
[AccionesJuego] DEBUG [2016-07-04 17:14:46,223]: ('basto_3', 1)
[AccionesJuego] DEBUG [2016-07-04 17:14:46,223]: Ronda 2
[AccionesJuego] DEBUG [2016-07-04 17:14:46,223]: Parda 0
[AccionesJuego] DEBUG [2016-07-04 17:15:15,341]: [getTurno-turno] 0
[AccionesJuego] DEBUG [2016-07-04 17:15:15,341]: [getTurno-turno] 1
[AccionesJuego] DEBUG [2016-07-04 17:15:15,341]: [getTurno-turno] 2
[AccionesJuego] DEBUG [2016-07-04 17:15:15,345]: Ejecutando obtenerGanador
[AccionesJuego] DEBUG [2016-07-04 17:15:15,345]: (1, 'espada_7')
[AccionesJuego] DEBUG [2016-07-04 17:15:15,345]: [0, 0]
[AccionesJuego] DEBUG [2016-07-04 17:15:15,345]: obtenerGanador-cartaSTR] espada_7
[AccionesJuego] DEBUG [2016-07-04 17:15:15,345]: (0, 'basto_3')
[AccionesJuego] DEBUG [2016-07-04 17:15:15,345]: ('espada_7', 1)
[AccionesJuego] DEBUG [2016-07-04 17:15:15,345]: obtenerGanador-cartaSTR] basto_3
[AccionesJuego] DEBUG [2016-07-04 17:15:15,345]: Carta Mayor
[AccionesJuego] DEBUG [2016-07-04 17:15:15,345]: ('espada_7', 1)
[AccionesJuego] DEBUG [2016-07-04 17:15:15,346]: Ronda 1
[AccionesJuego] DEBUG [2016-07-04 17:15:15,346]: Parda 0
[AccionesJuego] DEBUG [2016-07-04 17:15:15,346]: ReturnStatus
[AccionesJuego] DEBUG [2016-07-04 17:15:15,346]: [getTurno-turno] 1
[AccionesJuego] DEBUG [2016-07-04 17:15:15,346]: [getTurno-turno] 2
[AccionesJuego] DEBUG [2016-07-04 17:15:15,346]: [getTurno-turno] 1
[AccionesJuego] DEBUG [2016-07-04 17:15:15,346]: Ejecutando obtenerGanador
[AccionesJuego] DEBUG [2016-07-04 17:15:15,347]: (0, 'oro_11')
[AccionesJuego] DEBUG [2016-07-04 17:15:15,347]: [0, 0]
[AccionesJuego] DEBUG [2016-07-04 17:15:15,347]: obtenerGanador-cartaSTR] oro_11
[AccionesJuego] DEBUG [2016-07-04 17:15:15,347]: (1, 'espada_4')
[AccionesJuego] DEBUG [2016-07-04 17:15:15,347]: ('oro_11', 0)
[AccionesJuego] DEBUG [2016-07-04 17:15:15,347]: obtenerGanador-cartaSTR] espada_4
[AccionesJuego] DEBUG [2016-07-04 17:15:15,347]: Carta Mayor
[AccionesJuego] DEBUG [2016-07-04 17:15:15,347]: ('oro_11', 0)
[AccionesJuego] DEBUG [2016-07-04 17:15:15,347]: Ronda 2
[AccionesJuego] DEBUG [2016-07-04 17:15:15,347]: Parda 0
[AccionesJuego] DEBUG [2016-07-04 17:15:15,347]: ReturnStatus
[AccionesJuego] DEBUG [2016-07-04 17:15:15,347]: [getTurno-turno] 0
[AccionesJuego] DEBUG [2016-07-04 17:15:15,347]: [getTurno-turno] 1
[AccionesJuego] DEBUG [2016-07-04 17:15:15,348]: [getTurno-turno] 2
[AccionesJuego] DEBUG [2016-07-04 17:15:15,348]: Ejecutando obtenerGanador
[AccionesJuego] DEBUG [2016-07-04 17:15:15,348]: (1, 'oro_1')
[AccionesJuego] DEBUG [2016-07-04 17:15:15,348]: [0, 0]
[AccionesJuego] DEBUG [2016-07-04 17:15:15,349]: obtenerGanador-cartaSTR] oro_1
[AccionesJuego] DEBUG [2016-07-04 17:15:15,349]: (0, 'copa_6')
[AccionesJuego] DEBUG [2016-07-04 17:15:15,349]: ('oro_1', 1)
[AccionesJuego] DEBUG [2016-07-04 17:15:15,349]: obtenerGanador-cartaSTR] copa_6
[AccionesJuego] DEBUG [2016-07-04 17:15:15,349]: Carta Mayor
[AccionesJuego] DEBUG [2016-07-04 17:15:15,349]: ('oro_1', 1)
[AccionesJuego] DEBUG [2016-07-04 17:15:15,349]: Ronda 3
[AccionesJuego] DEBUG [2016-07-04 17:15:15,349]: Parda 0
[AccionesJuego] DEBUG [2016-07-04 17:15:15,349]: ReturnStatus
[AccionesJuego] DEBUG [2016-07-04 17:15:15,349]: [getTurno-turno] 1
[AccionesJuego] DEBUG [2016-07-04 17:15:15,349]: [getTurno-turno] 2
[AccionesJuego] DEBUG [2016-07-04 17:15:15,349]: [getTurno-turno] 1
[AccionesJuego] DEBUG [2016-07-04 17:15:15,350]: Ejecutando obtenerGanador
[AccionesJuego] DEBUG [2016-07-04 17:15:15,350]: (0, 'copa_3')
[AccionesJuego] DEBUG [2016-07-04 17:15:15,350]: [0, 0]
[AccionesJuego] DEBUG [2016-07-04 17:15:15,350]: obtenerGanador-cartaSTR] copa_3
[AccionesJuego] DEBUG [2016-07-04 17:15:15,350]: (1, 'copa_2')
[AccionesJuego] DEBUG [2016-07-04 17:15:15,350]: ('copa_3', 0)
[AccionesJuego] DEBUG [2016-07-04 17:15:15,350]: obtenerGanador-cartaSTR] copa_2
[AccionesJuego] DEBUG [2016-07-04 17:15:15,351]: Carta Mayor
[AccionesJuego] DEBUG [2016-07-04 17:15:15,351]: ('copa_3', 0)
[AccionesJuego] DEBUG [2016-07-04 17:15:15,351]: Ronda 1
[AccionesJuego] DEBUG [2016-07-04 17:15:15,351]: Parda 0
[AccionesJuego] DEBUG [2016-07-04 17:15:15,351]: ReturnStatus
[AccionesJuego] DEBUG [2016-07-04 17:15:15,351]: [getTurno-turno] 0
[AccionesJuego] DEBUG [2016-07-04 17:15:15,351]: [getTurno-turno] 1
[AccionesJuego] DEBUG [2016-07-04 17:15:15,351]: [getTurno-turno] 2
[AccionesJuego] DEBUG [2016-07-04 17:15:15,352]: Ejecutando obtenerGanador
[AccionesJuego] DEBUG [2016-07-04 17:15:15,352]: (1, 'basto_1')
[AccionesJuego] DEBUG [2016-07-04 17:15:15,352]: [0, 0]
[AccionesJuego] DEBUG [2016-07-04 17:15:15,352]: obtenerGanador-cartaSTR] basto_1
[AccionesJuego] DEBUG [2016-07-04 17:15:15,352]: (0, 'espada_5')
[AccionesJuego] DEBUG [2016-07-04 17:15:15,352]: ('basto_1', 1)
[AccionesJuego] DEBUG [2016-07-04 17:15:15,352]: obtenerGanador-cartaSTR] espada_5
[AccionesJuego] DEBUG [2016-07-04 17:15:15,352]: Carta Mayor
[AccionesJuego] DEBUG [2016-07-04 17:15:15,352]: ('basto_1', 1)
[AccionesJuego] DEBUG [2016-07-04 17:15:15,352]: Ronda 2
[AccionesJuego] DEBUG [2016-07-04 17:15:15,352]: Parda 0
[AccionesJuego] DEBUG [2016-07-04 17:15:15,352]: ReturnStatus
[AccionesJuego] DEBUG [2016-07-04 17:15:15,352]: [getTurno-turno] 1
[AccionesJuego] DEBUG [2016-07-04 17:15:15,353]: [getTurno-turno] 2
[AccionesJuego] DEBUG [2016-07-04 17:15:15,353]: [getTurno-turno] 1
[AccionesJuego] DEBUG [2016-07-04 17:15:15,353]: Ejecutando obtenerGanador
[AccionesJuego] DEBUG [2016-07-04 17:15:15,353]: (0, 'oro_6')
[AccionesJuego] DEBUG [2016-07-04 17:15:15,353]: [0, 0]
[AccionesJuego] DEBUG [2016-07-04 17:15:15,353]: obtenerGanador-cartaSTR] oro_6
[AccionesJuego] DEBUG [2016-07-04 17:15:15,353]: (1, 'espada_6')
[AccionesJuego] DEBUG [2016-07-04 17:15:15,353]: ('oro_6', 0)
[AccionesJuego] DEBUG [2016-07-04 17:15:15,354]: obtenerGanador-cartaSTR] espada_6
[AccionesJuego] DEBUG [2016-07-04 17:15:15,354]: Carta Mayor
[AccionesJuego] DEBUG [2016-07-04 17:15:15,354]: espada_6
[AccionesJuego] DEBUG [2016-07-04 17:15:15,354]: Ronda 3
[AccionesJuego] DEBUG [2016-07-04 17:15:15,354]: Parda 1
[AccionesJuego] DEBUG [2016-07-04 17:15:15,354]: ReturnStatus
